Log file open, 04/01/22 13:39:01
LogWindows: Failed to load 'aqProf.dll' (GetLastError=126)
LogWindows: File 'aqProf.dll' does not exist
LogWindows: Failed to load 'VtuneApi.dll' (GetLastError=126)
LogWindows: File 'VtuneApi.dll' does not exist
LogWindows: Failed to load 'VtuneApi32e.dll' (GetLastError=126)
LogWindows: File 'VtuneApi32e.dll' does not exist
LogConsoleResponse: Display: Failed to find resolution value strings in scalability ini. Falling back to default.
LogConsoleResponse: Display: Failed to find resolution value strings in scalability ini. Falling back to default.
LogInit: Display: Running engine for game: Trials_For_Project
LogPlatformFile: Not using cached read wrapper
LogTaskGraph: Started task graph with 5 named threads and 35 total threads with 3 sets of task threads.
LogStats: Stats thread started at 0.606883
LogICUInternationalization: ICU TimeZone Detection - Raw Offset: +7:00, Platform Override: ''
LogInit: Display: Loading text-based GConfig....
LogPluginManager: Mounting plugin MegascansPlugin
LogPluginManager: Mounting plugin MeshPainting
LogPluginManager: Mounting plugin XGEController
LogPluginManager: Mounting plugin Paper2D
LogPluginManager: Mounting plugin AISupport
LogPluginManager: Mounting plugin LiveLink
LogPluginManager: Mounting plugin EnvironmentQueryEditor
LogPluginManager: Mounting plugin LightPropagationVolume
LogPluginManager: Mounting plugin OodleData
LogPluginManager: Mounting plugin OodleNetwork
LogPluginManager: Mounting plugin CameraShakePreviewer
LogPluginManager: Mounting plugin AssetManagerEditor
LogPluginManager: Mounting plugin GameplayCameras
LogPluginManager: Mounting plugin GameplayTagsEditor
LogPluginManager: Mounting plugin CryptoKeys
LogPluginManager: Mounting plugin GeometryMode
LogPluginManager: Mounting plugin CurveEditorTools
LogPluginManager: Mounting plugin EditorScriptingUtilities
LogPluginManager: Mounting plugin MacGraphicsSwitching
LogPluginManager: Mounting plugin DataValidation
LogPluginManager: Mounting plugin MaterialAnalyzer
LogPluginManager: Mounting plugin SpeedTreeImporter
LogPluginManager: Mounting plugin FacialAnimation
LogPluginManager: Mounting plugin MobileLauncherProfileWizard
LogPluginManager: Mounting plugin DatasmithContent
LogPluginManager: Mounting plugin PluginBrowser
LogPluginManager: Mounting plugin Niagara
LogPluginManager: Mounting plugin VariantManagerContent
LogPluginManager: Mounting plugin CLionSourceCodeAccess
LogPluginManager: Mounting plugin CodeLiteSourceCodeAccess
LogPluginManager: Mounting plugin AnimationSharing
LogPluginManager: Mounting plugin KDevelopSourceCodeAccess
LogPluginManager: Mounting plugin NullSourceCodeAccess
LogPluginManager: Mounting plugin UdpMessaging
LogPluginManager: Mounting plugin PlasticSourceControl
LogPluginManager: Mounting plugin PixWinPlugin
LogPluginManager: Mounting plugin GitSourceControl
LogPluginManager: Mounting plugin PluginUtils
LogPluginManager: Mounting plugin TcpMessaging
LogPluginManager: Mounting plugin PerforceSourceControl
LogPluginManager: Mounting plugin PropertyAccessNode
LogPluginManager: Mounting plugin RiderSourceCodeAccess
LogPluginManager: Mounting plugin SubversionSourceControl
LogPluginManager: Mounting plugin TextureFormatOodle
LogPluginManager: Mounting plugin UObjectPlugin
LogPluginManager: Mounting plugin XCodeSourceCodeAccess
LogPluginManager: Mounting plugin MagicLeap
LogPluginManager: Mounting plugin VisualStudioCodeSourceCodeAccess
LogPluginManager: Mounting plugin LuminPlatformFeatures
LogPluginManager: Mounting plugin VisualStudioSourceCodeAccess
LogPluginManager: Mounting plugin MagicLeapMedia
LogPluginManager: Mounting plugin MagicLeapPassableWorld
LogPluginManager: Mounting plugin MagicLeapLightEstimation
LogPluginManager: Mounting plugin MLSDK
LogPluginManager: Mounting plugin AndroidMedia
LogPluginManager: Mounting plugin AvfMedia
LogPluginManager: Mounting plugin ImgMedia
LogPluginManager: Mounting plugin MediaCompositing
LogPluginManager: Mounting plugin WmfMedia
LogPluginManager: Mounting plugin MediaPlayerEditor
LogPluginManager: Mounting plugin WebMMedia
LogPluginManager: Mounting plugin AlembicImporter
LogPluginManager: Mounting plugin ChaosClothEditor
LogPluginManager: Mounting plugin ChaosNiagara
LogPluginManager: Mounting plugin ChaosSolverPlugin
LogPluginManager: Mounting plugin ChaosCloth
LogPluginManager: Mounting plugin BackChannel
LogPluginManager: Mounting plugin ChaosEditor
LogPluginManager: Mounting plugin CharacterAI
LogPluginManager: Mounting plugin AutomationUtils
LogPluginManager: Mounting plugin GeometryCollectionPlugin
LogPluginManager: Mounting plugin GeometryCache
LogPluginManager: Mounting plugin OnlineSubsystem
LogPluginManager: Mounting plugin OnlineSubsystemNull
LogPluginManager: Mounting plugin OnlineSubsystemUtils
LogPluginManager: Mounting plugin LauncherChunkInstaller
LogPluginManager: Mounting plugin GeometryProcessing
LogPluginManager: Mounting plugin MotoSynth
LogPluginManager: Mounting plugin PlanarCut
LogPluginManager: Mounting plugin OpenImageDenoise
LogPluginManager: Mounting plugin ProxyLODPlugin
LogPluginManager: Mounting plugin PlatformCrypto
LogPluginManager: Mounting plugin SkeletalReduction
LogPluginManager: Mounting plugin PythonScriptPlugin
LogPluginManager: Mounting plugin LevelSequenceEditor
LogPluginManager: Mounting plugin ScreenshotTools
LogPluginManager: Mounting plugin ActorSequence
LogPluginManager: Mounting plugin MatineeToLevelSequence
LogPluginManager: Mounting plugin TemplateSequence
LogPluginManager: Mounting plugin Takes
LogPluginManager: Mounting plugin ActorLayerUtilities
LogPluginManager: Mounting plugin AndroidMoviePlayer
LogPluginManager: Mounting plugin AppleImageUtils
LogPluginManager: Mounting plugin AndroidPermission
LogPluginManager: Mounting plugin AndroidDeviceProfileSelector
LogPluginManager: Mounting plugin ArchVisCharacter
LogPluginManager: Mounting plugin AudioSynesthesia
LogPluginManager: Mounting plugin AppleMoviePlayer
LogPluginManager: Mounting plugin ChunkDownloader
LogPluginManager: Mounting plugin AssetTags
LogPluginManager: Mounting plugin AudioCapture
LogPluginManager: Mounting plugin CableComponent
LogPluginManager: Mounting plugin CustomMeshComponent
LogPluginManager: Mounting plugin ExampleDeviceProfileSelector
LogPluginManager: Mounting plugin EditableMesh
LogPluginManager: Mounting plugin GoogleCloudMessaging
LogPluginManager: Mounting plugin IOSDeviceProfileSelector
LogPluginManager: Mounting plugin LinuxDeviceProfileSelector
LogPluginManager: Mounting plugin GooglePAD
LogPluginManager: Mounting plugin LocationServicesBPLibrary
LogPluginManager: Mounting plugin OpenXR
LogPluginManager: Mounting plugin MobilePatchingUtils
LogPluginManager: Mounting plugin OpenXREyeTracker
LogPluginManager: Mounting plugin OpenXRHandTracking
LogPluginManager: Mounting plugin PhysXVehicles
LogPluginManager: Mounting plugin PostSplashScreen
LogPluginManager: Mounting plugin PropertyAccessEditor
LogPluginManager: Mounting plugin ProceduralMeshComponent
LogPluginManager: Mounting plugin RuntimePhysXCooking
LogPluginManager: Mounting plugin SoundFields
LogPluginManager: Mounting plugin SignificanceManager
LogPluginManager: Mounting plugin Synthesis
LogPluginManager: Mounting plugin WebMMoviePlayer
LogPluginManager: Mounting plugin WindowsMoviePlayer
LogPluginManager: Mounting plugin ContentBrowserFileDataSource
LogPluginManager: Mounting plugin ContentBrowserClassDataSource
LogPluginManager: Mounting plugin ContentBrowserAssetDataSource
LogPluginManager: Mounting plugin OnlineSubsystemIOS
LogPluginManager: Mounting plugin OnlineSubsystemGooglePlay
LogPluginManager: Mounting plugin DatabaseSupport
LogPluginManager: Mounting plugin SQLiteCore
LogPluginManager: Mounting plugin SQLiteSupport
LogPluginManager: Mounting plugin OculusVR
LogPluginManager: Mounting plugin SteamVR
PixWinPlugin: PIX capture plugin failed to initialize! Check that the process is launched from PIX.
LogInit: Using libcurl 7.55.1-DEV
LogInit:  - built for x86_64-pc-win32
LogInit:  - supports SSL with OpenSSL/1.1.1
LogInit:  - supports HTTP deflate (compression) using libz 1.2.8
LogInit:  - other features:
LogInit:      CURL_VERSION_SSL
LogInit:      CURL_VERSION_LIBZ
LogInit:      CURL_VERSION_IPV6
LogInit:      CURL_VERSION_ASYNCHDNS
LogInit:      CURL_VERSION_LARGEFILE
LogInit:      CURL_VERSION_IDN
LogInit:  CurlRequestOptions (configurable via config and command line):
LogInit:  - bVerifyPeer = true  - Libcurl will verify peer certificate
LogInit:  - bUseHttpProxy = false  - Libcurl will NOT use HTTP proxy
LogInit:  - bDontReuseConnections = false  - Libcurl will reuse connections
LogInit:  - MaxHostConnections = 16  - Libcurl will limit the number of connections to a host
LogInit:  - LocalHostAddr = Default
LogInit:  - BufferSize = 65536
LogOnline: OSS: Creating online subsystem instance for: NULL
LogInit: WinSock: version 1.1 (2.2), MaxSocks=32767, MaxUdp=65467
LogOnline: OSS: TryLoadSubsystemAndSetDefault: Loaded subsystem for module [NULL]
LogOculusPluginWrapper: OculusPlugin initialized successfully
LogHMD: Failed initializing OVRPlugin 1.59.0
LogInit: Build: ++UE4+Release-4.27-CL-18319896
LogInit: Engine Version: 4.27.2-18319896+++UE4+Release-4.27
LogInit: Compatible Engine Version: 4.27.0-17155196+++UE4+Release-4.27
LogInit: Net CL: 17155196
LogInit: OS: Windows 10 (Release 2009) (), CPU: Intel(R) Core(TM) i7-9750H CPU @ 2.60GHz, GPU: Intel(R) UHD Graphics 630
LogInit: Compiled (64-bit): Nov 30 2021 07:12:08
LogInit: Compiled with Visual C++: 19.24.28315.00
LogInit: Build Configuration: Development
LogInit: Branch Name: ++UE4+Release-4.27
LogInit: Command Line: 
LogInit: Base Directory: C:/Program Files/Epic Games/UE_4.27/Engine/Binaries/Win64/
LogInit: Allocator: TBB
LogInit: Installed Engine Build: 1
LogDevObjectVersion: Number of dev versions registered: 29
LogDevObjectVersion:   Dev-Blueprints (B0D832E4-1F89-4F0D-ACCF-7EB736FD4AA2): 10
LogDevObjectVersion:   Dev-Build (E1C64328-A22C-4D53-A36C-8E866417BD8C): 0
LogDevObjectVersion:   Dev-Core (375EC13C-06E4-48FB-B500-84F0262A717E): 4
LogDevObjectVersion:   Dev-Editor (E4B068ED-F494-42E9-A231-DA0B2E46BB41): 40
LogDevObjectVersion:   Dev-Framework (CFFC743F-43B0-4480-9391-14DF171D2073): 37
LogDevObjectVersion:   Dev-Mobile (B02B49B5-BB20-44E9-A304-32B752E40360): 3
LogDevObjectVersion:   Dev-Networking (A4E4105C-59A1-49B5-A7C5-40C4547EDFEE): 0
LogDevObjectVersion:   Dev-Online (39C831C9-5AE6-47DC-9A44-9C173E1C8E7C): 0
LogDevObjectVersion:   Dev-Physics (78F01B33-EBEA-4F98-B9B4-84EACCB95AA2): 14
LogDevObjectVersion:   Dev-Platform (6631380F-2D4D-43E0-8009-CF276956A95A): 0
LogDevObjectVersion:   Dev-Rendering (12F88B9F-8875-4AFC-A67C-D90C383ABD29): 45
LogDevObjectVersion:   Dev-Sequencer (7B5AE74C-D270-4C10-A958-57980B212A5A): 13
LogDevObjectVersion:   Dev-VR (D7296918-1DD6-4BDD-9DE2-64A83CC13884): 3
LogDevObjectVersion:   Dev-LoadTimes (C2A15278-BFE7-4AFE-6C17-90FF531DF755): 1
LogDevObjectVersion:   Private-Geometry (6EACA3D4-40EC-4CC1-B786-8BED09428FC5): 3
LogDevObjectVersion:   Dev-AnimPhys (29E575DD-E0A3-4627-9D10-D276232CDCEA): 17
LogDevObjectVersion:   Dev-Anim (AF43A65D-7FD3-4947-9873-3E8ED9C1BB05): 15
LogDevObjectVersion:   Dev-ReflectionCapture (6B266CEC-1EC7-4B8F-A30B-E4D90942FC07): 1
LogDevObjectVersion:   Dev-Automation (0DF73D61-A23F-47EA-B727-89E90C41499A): 1
LogDevObjectVersion:   FortniteMain (601D1886-AC64-4F84-AA16-D3DE0DEAC7D6): 47
LogDevObjectVersion:   FortniteRelease (E7086368-6B23-4C58-8439-1B7016265E91): 1
LogDevObjectVersion:   Dev-Enterprise (9DFFBCD6-494F-0158-E221-12823C92A888): 10
LogDevObjectVersion:   Dev-Niagara (F2AED0AC-9AFE-416F-8664-AA7FFA26D6FC): 1
LogDevObjectVersion:   Dev-Destruction (174F1F0B-B4C6-45A5-B13F-2EE8D0FB917D): 10
LogDevObjectVersion:   Dev-Physics-Ext (35F94A83-E258-406C-A318-09F59610247C): 41
LogDevObjectVersion:   Dev-PhysicsMaterial-Chaos (B68FC16E-8B1B-42E2-B453-215C058844FE): 1
LogDevObjectVersion:   Dev-CineCamera (B2E18506-4273-CFC2-A54E-F4BB758BBA07): 1
LogDevObjectVersion:   Dev-VirtualProduction (64F58936-FD1B-42BA-BA96-7289D5D0FA4E): 1
LogDevObjectVersion:   Dev-MediaFramework (6F0ED827-A609-4895-9C91-998D90180EA4): 2
LogInit: Presizing for max 25165824 objects, including 0 objects not considered by GC, pre-allocating 0 bytes for permanent pool.
LogConfig: Applying CVar settings from Section [/Script/Engine.StreamingSettings] File [C:/Users/Envy/Documents/GitHub/TheBigBigg/Saved/Config/Windows/Engine.ini]
LogConfig: Setting CVar [[s.MinBulkDataSizeForAsyncLoading:131072]]
LogConfig: Setting CVar [[s.AsyncLoadingThreadEnabled:0]]
LogConfig: Setting CVar [[s.EventDrivenLoaderEnabled:1]]
LogConfig: Setting CVar [[s.WarnIfTimeLimitExceeded:0]]
LogConfig: Setting CVar [[s.TimeLimitExceededMultiplier:1.5]]
LogConfig: Setting CVar [[s.TimeLimitExceededMinTime:0.005]]
LogConfig: Setting CVar [[s.UseBackgroundLevelStreaming:1]]
LogConfig: Setting CVar [[s.PriorityAsyncLoadingExtraTime:15.0]]
LogConfig: Setting CVar [[s.LevelStreamingActorsUpdateTimeLimit:5.0]]
LogConfig: Setting CVar [[s.PriorityLevelStreamingActorsUpdateExtraTime:5.0]]
LogConfig: Setting CVar [[s.LevelStreamingComponentsRegistrationGranularity:10]]
LogConfig: Setting CVar [[s.UnregisterComponentsTimeLimit:1.0]]
LogConfig: Setting CVar [[s.LevelStreamingComponentsUnregistrationGranularity:5]]
LogConfig: Setting CVar [[s.FlushStreamingOnExit:1]]
LogInit: Object subsystem initialized
LogConfig: Setting CVar [[con.DebugEarlyDefault:1]]
LogConfig: Setting CVar [[r.setres:1280x720]]
[2022.04.01-06.39.03:511][  0]LogConfig: Setting CVar [[r.VSync:0]]
[2022.04.01-06.39.03:511][  0]LogConfig: Setting CVar [[r.RHICmdBypass:0]]
[2022.04.01-06.39.03:511][  0]LogConfig: Applying CVar settings from Section [/Script/Engine.RendererSettings] File [C:/Users/Envy/Documents/GitHub/TheBigBigg/Saved/Config/Windows/Engine.ini]
[2022.04.01-06.39.03:511][  0]LogConfig: Setting CVar [[r.GPUCrashDebugging:0]]
[2022.04.01-06.39.03:511][  0]LogConfig: Applying CVar settings from Section [/Script/Engine.RendererOverrideSettings] File [C:/Users/Envy/Documents/GitHub/TheBigBigg/Saved/Config/Windows/Engine.ini]
[2022.04.01-06.39.03:511][  0]LogConfig: Applying CVar settings from Section [/Script/Engine.StreamingSettings] File [C:/Users/Envy/Documents/GitHub/TheBigBigg/Saved/Config/Windows/Engine.ini]
[2022.04.01-06.39.03:511][  0]LogConfig: Setting CVar [[s.MinBulkDataSizeForAsyncLoading:131072]]
[2022.04.01-06.39.03:511][  0]LogConfig: Setting CVar [[s.AsyncLoadingThreadEnabled:0]]
[2022.04.01-06.39.03:511][  0]LogConfig: Setting CVar [[s.EventDrivenLoaderEnabled:1]]
[2022.04.01-06.39.03:511][  0]LogConfig: Setting CVar [[s.WarnIfTimeLimitExceeded:0]]
[2022.04.01-06.39.03:511][  0]LogConfig: Setting CVar [[s.TimeLimitExceededMultiplier:1.5]]
[2022.04.01-06.39.03:511][  0]LogConfig: Setting CVar [[s.TimeLimitExceededMinTime:0.005]]
[2022.04.01-06.39.03:511][  0]LogConfig: Setting CVar [[s.UseBackgroundLevelStreaming:1]]
[2022.04.01-06.39.03:511][  0]LogConfig: Setting CVar [[s.PriorityAsyncLoadingExtraTime:15.0]]
[2022.04.01-06.39.03:511][  0]LogConfig: Setting CVar [[s.LevelStreamingActorsUpdateTimeLimit:5.0]]
[2022.04.01-06.39.03:511][  0]LogConfig: Setting CVar [[s.PriorityLevelStreamingActorsUpdateExtraTime:5.0]]
[2022.04.01-06.39.03:511][  0]LogConfig: Setting CVar [[s.LevelStreamingComponentsRegistrationGranularity:10]]
[2022.04.01-06.39.03:511][  0]LogConfig: Setting CVar [[s.UnregisterComponentsTimeLimit:1.0]]
[2022.04.01-06.39.03:511][  0]LogConfig: Setting CVar [[s.LevelStreamingComponentsUnregistrationGranularity:5]]
[2022.04.01-06.39.03:511][  0]LogConfig: Setting CVar [[s.FlushStreamingOnExit:1]]
[2022.04.01-06.39.03:511][  0]LogConfig: Applying CVar settings from Section [/Script/Engine.GarbageCollectionSettings] File [C:/Users/Envy/Documents/GitHub/TheBigBigg/Saved/Config/Windows/Engine.ini]
[2022.04.01-06.39.03:511][  0]LogConfig: Setting CVar [[gc.MaxObjectsNotConsideredByGC:1]]
[2022.04.01-06.39.03:511][  0]LogConfig: Setting CVar [[gc.SizeOfPermanentObjectPool:0]]
[2022.04.01-06.39.03:511][  0]LogConfig: Setting CVar [[gc.FlushStreamingOnGC:0]]
[2022.04.01-06.39.03:511][  0]LogConfig: Setting CVar [[gc.NumRetriesBeforeForcingGC:10]]
[2022.04.01-06.39.03:511][  0]LogConfig: Setting CVar [[gc.AllowParallelGC:1]]
[2022.04.01-06.39.03:511][  0]LogConfig: Setting CVar [[gc.TimeBetweenPurgingPendingKillObjects:61.1]]
[2022.04.01-06.39.03:511][  0]LogConfig: Setting CVar [[gc.MaxObjectsInEditor:25165824]]
[2022.04.01-06.39.03:511][  0]LogConfig: Setting CVar [[gc.IncrementalBeginDestroyEnabled:1]]
[2022.04.01-06.39.03:511][  0]LogConfig: Setting CVar [[gc.CreateGCClusters:1]]
[2022.04.01-06.39.03:511][  0]LogConfig: Setting CVar [[gc.MinGCClusterSize:5]]
[2022.04.01-06.39.03:511][  0]LogConfig: Setting CVar [[gc.ActorClusteringEnabled:0]]
[2022.04.01-06.39.03:511][  0]LogConfig: Setting CVar [[gc.BlueprintClusteringEnabled:0]]
[2022.04.01-06.39.03:511][  0]LogConfig: Setting CVar [[gc.UseDisregardForGCOnDedicatedServers:0]]
[2022.04.01-06.39.03:511][  0]LogConfig: Setting CVar [[gc.MultithreadedDestructionEnabled:1]]
[2022.04.01-06.39.03:511][  0]LogConfig: Applying CVar settings from Section [/Script/Engine.NetworkSettings] File [C:/Users/Envy/Documents/GitHub/TheBigBigg/Saved/Config/Windows/Engine.ini]
[2022.04.01-06.39.03:511][  0]LogConfig: Applying CVar settings from Section [/Script/UnrealEd.CookerSettings] File [C:/Users/Envy/Documents/GitHub/TheBigBigg/Saved/Config/Windows/Engine.ini]
[2022.04.01-06.39.03:524][  0]LogConfig: Applying CVar settings from Section [ViewDistanceQuality@3] File [C:/Users/Envy/Documents/GitHub/TheBigBigg/Saved/Config/Windows/Scalability.ini]
[2022.04.01-06.39.03:524][  0]LogConfig: Setting CVar [[r.SkeletalMeshLODBias:0]]
[2022.04.01-06.39.03:524][  0]LogConfig: Setting CVar [[r.ViewDistanceScale:1.0]]
[2022.04.01-06.39.03:524][  0]LogConfig: Applying CVar settings from Section [AntiAliasingQuality@3] File [C:/Users/Envy/Documents/GitHub/TheBigBigg/Saved/Config/Windows/Scalability.ini]
[2022.04.01-06.39.03:524][  0]LogConfig: Setting CVar [[r.PostProcessAAQuality:4]]
[2022.04.01-06.39.03:525][  0]LogConfig: Applying CVar settings from Section [ShadowQuality@3] File [C:/Users/Envy/Documents/GitHub/TheBigBigg/Saved/Config/Windows/Scalability.ini]
[2022.04.01-06.39.03:525][  0]LogConfig: Setting CVar [[r.LightFunctionQuality:1]]
[2022.04.01-06.39.03:525][  0]LogConfig: Setting CVar [[r.ShadowQuality:5]]
[2022.04.01-06.39.03:525][  0]LogConfig: Setting CVar [[r.Shadow.CSM.MaxCascades:10]]
[2022.04.01-06.39.03:525][  0]LogConfig: Setting CVar [[r.Shadow.MaxResolution:2048]]
[2022.04.01-06.39.03:525][  0]LogConfig: Setting CVar [[r.Shadow.MaxCSMResolution:2048]]
[2022.04.01-06.39.03:525][  0]LogConfig: Setting CVar [[r.Shadow.RadiusThreshold:0.01]]
[2022.04.01-06.39.03:525][  0]LogConfig: Setting CVar [[r.Shadow.DistanceScale:1.0]]
[2022.04.01-06.39.03:525][  0]LogConfig: Setting CVar [[r.Shadow.CSM.TransitionScale:1.0]]
[2022.04.01-06.39.03:525][  0]LogConfig: Setting CVar [[r.Shadow.PreShadowResolutionFactor:1.0]]
[2022.04.01-06.39.03:525][  0]LogConfig: Setting CVar [[r.DistanceFieldShadowing:1]]
[2022.04.01-06.39.03:525][  0]LogConfig: Setting CVar [[r.DistanceFieldAO:1]]
[2022.04.01-06.39.03:525][  0]LogConfig: Setting CVar [[r.AOQuality:2]]
[2022.04.01-06.39.03:525][  0]LogConfig: Setting CVar [[r.VolumetricFog:1]]
[2022.04.01-06.39.03:525][  0]LogConfig: Setting CVar [[r.VolumetricFog.GridPixelSize:8]]
[2022.04.01-06.39.03:525][  0]LogConfig: Setting CVar [[r.VolumetricFog.GridSizeZ:128]]
[2022.04.01-06.39.03:525][  0]LogConfig: Setting CVar [[r.VolumetricFog.HistoryMissSupersampleCount:4]]
[2022.04.01-06.39.03:525][  0]LogConfig: Setting CVar [[r.LightMaxDrawDistanceScale:1]]
[2022.04.01-06.39.03:525][  0]LogConfig: Setting CVar [[r.CapsuleShadows:1]]
[2022.04.01-06.39.03:525][  0]LogConfig: Applying CVar settings from Section [PostProcessQuality@3] File [C:/Users/Envy/Documents/GitHub/TheBigBigg/Saved/Config/Windows/Scalability.ini]
[2022.04.01-06.39.03:525][  0]LogConfig: Setting CVar [[r.MotionBlurQuality:4]]
[2022.04.01-06.39.03:525][  0]LogConfig: Setting CVar [[r.AmbientOcclusionMipLevelFactor:0.4]]
[2022.04.01-06.39.03:525][  0]LogConfig: Setting CVar [[r.AmbientOcclusionMaxQuality:100]]
[2022.04.01-06.39.03:525][  0]LogConfig: Setting CVar [[r.AmbientOcclusionLevels:-1]]
[2022.04.01-06.39.03:525][  0]LogConfig: Setting CVar [[r.AmbientOcclusionRadiusScale:1.0]]
[2022.04.01-06.39.03:525][  0]LogConfig: Setting CVar [[r.DepthOfFieldQuality:2]]
[2022.04.01-06.39.03:525][  0]LogConfig: Setting CVar [[r.RenderTargetPoolMin:400]]
[2022.04.01-06.39.03:525][  0]LogConfig: Setting CVar [[r.LensFlareQuality:2]]
[2022.04.01-06.39.03:525][  0]LogConfig: Setting CVar [[r.SceneColorFringeQuality:1]]
[2022.04.01-06.39.03:525][  0]LogConfig: Setting CVar [[r.EyeAdaptationQuality:2]]
[2022.04.01-06.39.03:525][  0]LogConfig: Setting CVar [[r.BloomQuality:5]]
[2022.04.01-06.39.03:525][  0]LogConfig: Setting CVar [[r.FastBlurThreshold:100]]
[2022.04.01-06.39.03:525][  0]LogConfig: Setting CVar [[r.Upscale.Quality:3]]
[2022.04.01-06.39.03:525][  0]LogConfig: Setting CVar [[r.Tonemapper.GrainQuantization:1]]
[2022.04.01-06.39.03:525][  0]LogConfig: Setting CVar [[r.LightShaftQuality:1]]
[2022.04.01-06.39.03:525][  0]LogConfig: Setting CVar [[r.Filter.SizeScale:1]]
[2022.04.01-06.39.03:525][  0]LogConfig: Setting CVar [[r.Tonemapper.Quality:5]]
[2022.04.01-06.39.03:525][  0]LogConfig: Setting CVar [[r.DOF.Gather.AccumulatorQuality:1        ; higher gathering accumulator quality]]
[2022.04.01-06.39.03:525][  0]LogConfig: Setting CVar [[r.DOF.Gather.PostfilterMethod:1          ; Median3x3 postfilering method]]
[2022.04.01-06.39.03:525][  0]LogConfig: Setting CVar [[r.DOF.Gather.EnableBokehSettings:0       ; no bokeh simulation when gathering]]
[2022.04.01-06.39.03:525][  0]LogConfig: Setting CVar [[r.DOF.Gather.RingCount:4                 ; medium number of samples when gathering]]
[2022.04.01-06.39.03:525][  0]LogConfig: Setting CVar [[r.DOF.Scatter.ForegroundCompositing:1    ; additive foreground scattering]]
[2022.04.01-06.39.03:525][  0]LogConfig: Setting CVar [[r.DOF.Scatter.BackgroundCompositing:2    ; additive background scattering]]
[2022.04.01-06.39.03:525][  0]LogConfig: Setting CVar [[r.DOF.Scatter.EnableBokehSettings:1      ; bokeh simulation when scattering]]
[2022.04.01-06.39.03:525][  0]LogConfig: Setting CVar [[r.DOF.Scatter.MaxSpriteRatio:0.1         ; only a maximum of 10% of scattered bokeh]]
[2022.04.01-06.39.03:525][  0]LogConfig: Setting CVar [[r.DOF.Recombine.Quality:1                ; cheap slight out of focus]]
[2022.04.01-06.39.03:525][  0]LogConfig: Setting CVar [[r.DOF.Recombine.EnableBokehSettings:0    ; no bokeh simulation on slight out of focus]]
[2022.04.01-06.39.03:525][  0]LogConfig: Setting CVar [[r.DOF.TemporalAAQuality:1                ; more stable temporal accumulation]]
[2022.04.01-06.39.03:525][  0]LogConfig: Setting CVar [[r.DOF.Kernel.MaxForegroundRadius:0.025]]
[2022.04.01-06.39.03:525][  0]LogConfig: Setting CVar [[r.DOF.Kernel.MaxBackgroundRadius:0.025]]
[2022.04.01-06.39.03:525][  0]LogConfig: Applying CVar settings from Section [TextureQuality@3] File [C:/Users/Envy/Documents/GitHub/TheBigBigg/Saved/Config/Windows/Scalability.ini]
[2022.04.01-06.39.03:525][  0]LogConfig: Setting CVar [[r.Streaming.MipBias:0]]
[2022.04.01-06.39.03:525][  0]LogConfig: Setting CVar [[r.Streaming.AmortizeCPUToGPUCopy:0]]
[2022.04.01-06.39.03:525][  0]LogConfig: Setting CVar [[r.Streaming.MaxNumTexturesToStreamPerFrame:0]]
[2022.04.01-06.39.03:525][  0]LogConfig: Setting CVar [[r.Streaming.Boost:1]]
[2022.04.01-06.39.03:525][  0]LogConfig: Setting CVar [[r.MaxAnisotropy:8]]
[2022.04.01-06.39.03:525][  0]LogConfig: Setting CVar [[r.VT.MaxAnisotropy:8]]
[2022.04.01-06.39.03:525][  0]LogConfig: Setting CVar [[r.Streaming.LimitPoolSizeToVRAM:0]]
[2022.04.01-06.39.03:525][  0]LogConfig: Setting CVar [[r.Streaming.PoolSize:1000]]
[2022.04.01-06.39.03:525][  0]LogConfig: Setting CVar [[r.Streaming.MaxEffectiveScreenSize:0]]
[2022.04.01-06.39.03:525][  0]LogConfig: Applying CVar settings from Section [EffectsQuality@3] File [C:/Users/Envy/Documents/GitHub/TheBigBigg/Saved/Config/Windows/Scalability.ini]
[2022.04.01-06.39.03:525][  0]LogConfig: Setting CVar [[r.TranslucencyLightingVolumeDim:64]]
[2022.04.01-06.39.03:525][  0]LogConfig: Setting CVar [[r.RefractionQuality:2]]
[2022.04.01-06.39.03:525][  0]LogConfig: Setting CVar [[r.SSR.Quality:3]]
[2022.04.01-06.39.03:525][  0]LogConfig: Setting CVar [[r.SSR.HalfResSceneColor:0]]
[2022.04.01-06.39.03:525][  0]LogConfig: Setting CVar [[r.SceneColorFormat:4]]
[2022.04.01-06.39.03:525][  0]LogConfig: Setting CVar [[r.DetailMode:2]]
[2022.04.01-06.39.03:525][  0]LogConfig: Setting CVar [[r.TranslucencyVolumeBlur:1]]
[2022.04.01-06.39.03:525][  0]LogConfig: Setting CVar [[r.MaterialQualityLevel:1 ; High quality]]
[2022.04.01-06.39.03:525][  0]LogConfig: Setting CVar [[r.AnisotropicMaterials:1]]
[2022.04.01-06.39.03:525][  0]LogConfig: Setting CVar [[r.SSS.Scale:1]]
[2022.04.01-06.39.03:525][  0]LogConfig: Setting CVar [[r.SSS.SampleSet:2]]
[2022.04.01-06.39.03:525][  0]LogConfig: Setting CVar [[r.SSS.Quality:1]]
[2022.04.01-06.39.03:525][  0]LogConfig: Setting CVar [[r.SSS.HalfRes:0]]
[2022.04.01-06.39.03:525][  0]LogConfig: Setting CVar [[r.SSGI.Quality:3]]
[2022.04.01-06.39.03:526][  0]LogConfig: Setting CVar [[r.EmitterSpawnRateScale:1.0]]
[2022.04.01-06.39.03:526][  0]LogConfig: Setting CVar [[r.ParticleLightQuality:2]]
[2022.04.01-06.39.03:526][  0]LogConfig: Setting CVar [[r.SkyAtmosphere.AerialPerspectiveLUT.FastApplyOnOpaque:1 ; Always have FastSkyLUT 1 in this case to avoid wrong sky]]
[2022.04.01-06.39.03:526][  0]LogConfig: Setting CVar [[r.SkyAtmosphere.AerialPerspectiveLUT.SampleCountMaxPerSlice:4]]
[2022.04.01-06.39.03:526][  0]LogConfig: Setting CVar [[r.SkyAtmosphere.AerialPerspectiveLUT.DepthResolution:16.0]]
[2022.04.01-06.39.03:526][  0]LogConfig: Setting CVar [[r.SkyAtmosphere.FastSkyLUT:1]]
[2022.04.01-06.39.03:526][  0]LogConfig: Setting CVar [[r.SkyAtmosphere.FastSkyLUT.SampleCountMin:4.0]]
[2022.04.01-06.39.03:526][  0]LogConfig: Setting CVar [[r.SkyAtmosphere.FastSkyLUT.SampleCountMax:128.0]]
[2022.04.01-06.39.03:526][  0]LogConfig: Setting CVar [[r.SkyAtmosphere.SampleCountMin:4.0]]
[2022.04.01-06.39.03:526][  0]LogConfig: Setting CVar [[r.SkyAtmosphere.SampleCountMax:128.0]]
[2022.04.01-06.39.03:526][  0]LogConfig: Setting CVar [[r.SkyAtmosphere.TransmittanceLUT.UseSmallFormat:0]]
[2022.04.01-06.39.03:526][  0]LogConfig: Setting CVar [[r.SkyAtmosphere.TransmittanceLUT.SampleCount:10.0]]
[2022.04.01-06.39.03:526][  0]LogConfig: Setting CVar [[r.SkyAtmosphere.MultiScatteringLUT.SampleCount:15.0]]
[2022.04.01-06.39.03:526][  0]LogConfig: Setting CVar [[r.SkyLight.RealTimeReflectionCapture:1]]
[2022.04.01-06.39.03:526][  0]LogConfig: Applying CVar settings from Section [FoliageQuality@3] File [C:/Users/Envy/Documents/GitHub/TheBigBigg/Saved/Config/Windows/Scalability.ini]
[2022.04.01-06.39.03:526][  0]LogConfig: Setting CVar [[foliage.DensityScale:1.0]]
[2022.04.01-06.39.03:526][  0]LogConfig: Setting CVar [[grass.DensityScale:1.0]]
[2022.04.01-06.39.03:526][  0]LogConfig: Applying CVar settings from Section [ShadingQuality@3] File [C:/Users/Envy/Documents/GitHub/TheBigBigg/Saved/Config/Windows/Scalability.ini]
[2022.04.01-06.39.03:526][  0]LogConfig: Setting CVar [[r.HairStrands.SkyLighting.IntegrationType:2]]
[2022.04.01-06.39.03:526][  0]LogConfig: Setting CVar [[r.HairStrands.SkyAO.SampleCount:4]]
[2022.04.01-06.39.03:526][  0]LogConfig: Setting CVar [[r.HairStrands.Visibility.MSAA.SamplePerPixel:4]]
[2022.04.01-06.39.03:526][  0]LogInit: Selected Device Profile: [Windows]
[2022.04.01-06.39.03:526][  0]LogInit: Applying CVar settings loaded from the selected device profile: [Windows]
[2022.04.01-06.39.03:526][  0]LogHAL: Display: Platform has ~ 16 GB [17013714944 / 17179869184 / 16], which maps to Larger [LargestMinGB=32, LargerMinGB=12, DefaultMinGB=8, SmallerMinGB=6, SmallestMinGB=0)
[2022.04.01-06.39.03:526][  0]LogInit: Going up to parent DeviceProfile []
[2022.04.01-06.39.03:526][  0]LogConfig: Applying CVar settings from Section [ViewDistanceQuality@3] File [C:/Users/Envy/Documents/GitHub/TheBigBigg/Saved/Config/Windows/Scalability.ini]
[2022.04.01-06.39.03:526][  0]LogConfig: Setting CVar [[r.SkeletalMeshLODBias:0]]
[2022.04.01-06.39.03:526][  0]LogConfig: Setting CVar [[r.ViewDistanceScale:1.0]]
[2022.04.01-06.39.03:526][  0]LogConfig: Applying CVar settings from Section [AntiAliasingQuality@3] File [C:/Users/Envy/Documents/GitHub/TheBigBigg/Saved/Config/Windows/Scalability.ini]
[2022.04.01-06.39.03:526][  0]LogConfig: Setting CVar [[r.PostProcessAAQuality:4]]
[2022.04.01-06.39.03:527][  0]LogConfig: Applying CVar settings from Section [ShadowQuality@3] File [C:/Users/Envy/Documents/GitHub/TheBigBigg/Saved/Config/Windows/Scalability.ini]
[2022.04.01-06.39.03:527][  0]LogConfig: Setting CVar [[r.LightFunctionQuality:1]]
[2022.04.01-06.39.03:527][  0]LogConfig: Setting CVar [[r.ShadowQuality:5]]
[2022.04.01-06.39.03:527][  0]LogConfig: Setting CVar [[r.Shadow.CSM.MaxCascades:10]]
[2022.04.01-06.39.03:527][  0]LogConfig: Setting CVar [[r.Shadow.MaxResolution:2048]]
[2022.04.01-06.39.03:527][  0]LogConfig: Setting CVar [[r.Shadow.MaxCSMResolution:2048]]
[2022.04.01-06.39.03:527][  0]LogConfig: Setting CVar [[r.Shadow.RadiusThreshold:0.01]]
[2022.04.01-06.39.03:527][  0]LogConfig: Setting CVar [[r.Shadow.DistanceScale:1.0]]
[2022.04.01-06.39.03:527][  0]LogConfig: Setting CVar [[r.Shadow.CSM.TransitionScale:1.0]]
[2022.04.01-06.39.03:527][  0]LogConfig: Setting CVar [[r.Shadow.PreShadowResolutionFactor:1.0]]
[2022.04.01-06.39.03:527][  0]LogConfig: Setting CVar [[r.DistanceFieldShadowing:1]]
[2022.04.01-06.39.03:527][  0]LogConfig: Setting CVar [[r.DistanceFieldAO:1]]
[2022.04.01-06.39.03:527][  0]LogConfig: Setting CVar [[r.AOQuality:2]]
[2022.04.01-06.39.03:527][  0]LogConfig: Setting CVar [[r.VolumetricFog:1]]
[2022.04.01-06.39.03:527][  0]LogConfig: Setting CVar [[r.VolumetricFog.GridPixelSize:8]]
[2022.04.01-06.39.03:527][  0]LogConfig: Setting CVar [[r.VolumetricFog.GridSizeZ:128]]
[2022.04.01-06.39.03:527][  0]LogConfig: Setting CVar [[r.VolumetricFog.HistoryMissSupersampleCount:4]]
[2022.04.01-06.39.03:527][  0]LogConfig: Setting CVar [[r.LightMaxDrawDistanceScale:1]]
[2022.04.01-06.39.03:527][  0]LogConfig: Setting CVar [[r.CapsuleShadows:1]]
[2022.04.01-06.39.03:527][  0]LogConfig: Applying CVar settings from Section [PostProcessQuality@3] File [C:/Users/Envy/Documents/GitHub/TheBigBigg/Saved/Config/Windows/Scalability.ini]
[2022.04.01-06.39.03:527][  0]LogConfig: Setting CVar [[r.MotionBlurQuality:4]]
[2022.04.01-06.39.03:527][  0]LogConfig: Setting CVar [[r.AmbientOcclusionMipLevelFactor:0.4]]
[2022.04.01-06.39.03:527][  0]LogConfig: Setting CVar [[r.AmbientOcclusionMaxQuality:100]]
[2022.04.01-06.39.03:527][  0]LogConfig: Setting CVar [[r.AmbientOcclusionLevels:-1]]
[2022.04.01-06.39.03:527][  0]LogConfig: Setting CVar [[r.AmbientOcclusionRadiusScale:1.0]]
[2022.04.01-06.39.03:527][  0]LogConfig: Setting CVar [[r.DepthOfFieldQuality:2]]
[2022.04.01-06.39.03:527][  0]LogConfig: Setting CVar [[r.RenderTargetPoolMin:400]]
[2022.04.01-06.39.03:527][  0]LogConfig: Setting CVar [[r.LensFlareQuality:2]]
[2022.04.01-06.39.03:527][  0]LogConfig: Setting CVar [[r.SceneColorFringeQuality:1]]
[2022.04.01-06.39.03:527][  0]LogConfig: Setting CVar [[r.EyeAdaptationQuality:2]]
[2022.04.01-06.39.03:527][  0]LogConfig: Setting CVar [[r.BloomQuality:5]]
[2022.04.01-06.39.03:527][  0]LogConfig: Setting CVar [[r.FastBlurThreshold:100]]
[2022.04.01-06.39.03:527][  0]LogConfig: Setting CVar [[r.Upscale.Quality:3]]
[2022.04.01-06.39.03:527][  0]LogConfig: Setting CVar [[r.Tonemapper.GrainQuantization:1]]
[2022.04.01-06.39.03:527][  0]LogConfig: Setting CVar [[r.LightShaftQuality:1]]
[2022.04.01-06.39.03:527][  0]LogConfig: Setting CVar [[r.Filter.SizeScale:1]]
[2022.04.01-06.39.03:527][  0]LogConfig: Setting CVar [[r.Tonemapper.Quality:5]]
[2022.04.01-06.39.03:527][  0]LogConfig: Setting CVar [[r.DOF.Gather.AccumulatorQuality:1        ; higher gathering accumulator quality]]
[2022.04.01-06.39.03:527][  0]LogConfig: Setting CVar [[r.DOF.Gather.PostfilterMethod:1          ; Median3x3 postfilering method]]
[2022.04.01-06.39.03:527][  0]LogConfig: Setting CVar [[r.DOF.Gather.EnableBokehSettings:0       ; no bokeh simulation when gathering]]
[2022.04.01-06.39.03:527][  0]LogConfig: Setting CVar [[r.DOF.Gather.RingCount:4                 ; medium number of samples when gathering]]
[2022.04.01-06.39.03:527][  0]LogConfig: Setting CVar [[r.DOF.Scatter.ForegroundCompositing:1    ; additive foreground scattering]]
[2022.04.01-06.39.03:527][  0]LogConfig: Setting CVar [[r.DOF.Scatter.BackgroundCompositing:2    ; additive background scattering]]
[2022.04.01-06.39.03:527][  0]LogConfig: Setting CVar [[r.DOF.Scatter.EnableBokehSettings:1      ; bokeh simulation when scattering]]
[2022.04.01-06.39.03:527][  0]LogConfig: Setting CVar [[r.DOF.Scatter.MaxSpriteRatio:0.1         ; only a maximum of 10% of scattered bokeh]]
[2022.04.01-06.39.03:527][  0]LogConfig: Setting CVar [[r.DOF.Recombine.Quality:1                ; cheap slight out of focus]]
[2022.04.01-06.39.03:527][  0]LogConfig: Setting CVar [[r.DOF.Recombine.EnableBokehSettings:0    ; no bokeh simulation on slight out of focus]]
[2022.04.01-06.39.03:527][  0]LogConfig: Setting CVar [[r.DOF.TemporalAAQuality:1                ; more stable temporal accumulation]]
[2022.04.01-06.39.03:527][  0]LogConfig: Setting CVar [[r.DOF.Kernel.MaxForegroundRadius:0.025]]
[2022.04.01-06.39.03:527][  0]LogConfig: Setting CVar [[r.DOF.Kernel.MaxBackgroundRadius:0.025]]
[2022.04.01-06.39.03:527][  0]LogConfig: Applying CVar settings from Section [TextureQuality@3] File [C:/Users/Envy/Documents/GitHub/TheBigBigg/Saved/Config/Windows/Scalability.ini]
[2022.04.01-06.39.03:527][  0]LogConfig: Setting CVar [[r.Streaming.MipBias:0]]
[2022.04.01-06.39.03:527][  0]LogConfig: Setting CVar [[r.Streaming.AmortizeCPUToGPUCopy:0]]
[2022.04.01-06.39.03:527][  0]LogConfig: Setting CVar [[r.Streaming.MaxNumTexturesToStreamPerFrame:0]]
[2022.04.01-06.39.03:527][  0]LogConfig: Setting CVar [[r.Streaming.Boost:1]]
[2022.04.01-06.39.03:527][  0]LogConfig: Setting CVar [[r.MaxAnisotropy:8]]
[2022.04.01-06.39.03:527][  0]LogConfig: Setting CVar [[r.VT.MaxAnisotropy:8]]
[2022.04.01-06.39.03:527][  0]LogConfig: Setting CVar [[r.Streaming.LimitPoolSizeToVRAM:0]]
[2022.04.01-06.39.03:527][  0]LogConfig: Setting CVar [[r.Streaming.PoolSize:1000]]
[2022.04.01-06.39.03:527][  0]LogConfig: Setting CVar [[r.Streaming.MaxEffectiveScreenSize:0]]
[2022.04.01-06.39.03:527][  0]LogConfig: Applying CVar settings from Section [EffectsQuality@3] File [C:/Users/Envy/Documents/GitHub/TheBigBigg/Saved/Config/Windows/Scalability.ini]
[2022.04.01-06.39.03:527][  0]LogConfig: Setting CVar [[r.TranslucencyLightingVolumeDim:64]]
[2022.04.01-06.39.03:527][  0]LogConfig: Setting CVar [[r.RefractionQuality:2]]
[2022.04.01-06.39.03:527][  0]LogConfig: Setting CVar [[r.SSR.Quality:3]]
[2022.04.01-06.39.03:527][  0]LogConfig: Setting CVar [[r.SSR.HalfResSceneColor:0]]
[2022.04.01-06.39.03:527][  0]LogConfig: Setting CVar [[r.SceneColorFormat:4]]
[2022.04.01-06.39.03:527][  0]LogConfig: Setting CVar [[r.DetailMode:2]]
[2022.04.01-06.39.03:527][  0]LogConfig: Setting CVar [[r.TranslucencyVolumeBlur:1]]
[2022.04.01-06.39.03:527][  0]LogConfig: Setting CVar [[r.MaterialQualityLevel:1 ; High quality]]
[2022.04.01-06.39.03:527][  0]LogConfig: Setting CVar [[r.AnisotropicMaterials:1]]
[2022.04.01-06.39.03:527][  0]LogConfig: Setting CVar [[r.SSS.Scale:1]]
[2022.04.01-06.39.03:527][  0]LogConfig: Setting CVar [[r.SSS.SampleSet:2]]
[2022.04.01-06.39.03:527][  0]LogConfig: Setting CVar [[r.SSS.Quality:1]]
[2022.04.01-06.39.03:527][  0]LogConfig: Setting CVar [[r.SSS.HalfRes:0]]
[2022.04.01-06.39.03:527][  0]LogConfig: Setting CVar [[r.SSGI.Quality:3]]
[2022.04.01-06.39.03:527][  0]LogConfig: Setting CVar [[r.EmitterSpawnRateScale:1.0]]
[2022.04.01-06.39.03:528][  0]LogConfig: Setting CVar [[r.ParticleLightQuality:2]]
[2022.04.01-06.39.03:528][  0]LogConfig: Setting CVar [[r.SkyAtmosphere.AerialPerspectiveLUT.FastApplyOnOpaque:1 ; Always have FastSkyLUT 1 in this case to avoid wrong sky]]
[2022.04.01-06.39.03:528][  0]LogConfig: Setting CVar [[r.SkyAtmosphere.AerialPerspectiveLUT.SampleCountMaxPerSlice:4]]
[2022.04.01-06.39.03:528][  0]LogConfig: Setting CVar [[r.SkyAtmosphere.AerialPerspectiveLUT.DepthResolution:16.0]]
[2022.04.01-06.39.03:528][  0]LogConfig: Setting CVar [[r.SkyAtmosphere.FastSkyLUT:1]]
[2022.04.01-06.39.03:528][  0]LogConfig: Setting CVar [[r.SkyAtmosphere.FastSkyLUT.SampleCountMin:4.0]]
[2022.04.01-06.39.03:528][  0]LogConfig: Setting CVar [[r.SkyAtmosphere.FastSkyLUT.SampleCountMax:128.0]]
[2022.04.01-06.39.03:528][  0]LogConfig: Setting CVar [[r.SkyAtmosphere.SampleCountMin:4.0]]
[2022.04.01-06.39.03:528][  0]LogConfig: Setting CVar [[r.SkyAtmosphere.SampleCountMax:128.0]]
[2022.04.01-06.39.03:528][  0]LogConfig: Setting CVar [[r.SkyAtmosphere.TransmittanceLUT.UseSmallFormat:0]]
[2022.04.01-06.39.03:528][  0]LogConfig: Setting CVar [[r.SkyAtmosphere.TransmittanceLUT.SampleCount:10.0]]
[2022.04.01-06.39.03:528][  0]LogConfig: Setting CVar [[r.SkyAtmosphere.MultiScatteringLUT.SampleCount:15.0]]
[2022.04.01-06.39.03:528][  0]LogConfig: Setting CVar [[r.SkyLight.RealTimeReflectionCapture:1]]
[2022.04.01-06.39.03:528][  0]LogConfig: Applying CVar settings from Section [FoliageQuality@3] File [C:/Users/Envy/Documents/GitHub/TheBigBigg/Saved/Config/Windows/Scalability.ini]
[2022.04.01-06.39.03:528][  0]LogConfig: Setting CVar [[foliage.DensityScale:1.0]]
[2022.04.01-06.39.03:528][  0]LogConfig: Setting CVar [[grass.DensityScale:1.0]]
[2022.04.01-06.39.03:528][  0]LogConfig: Applying CVar settings from Section [ShadingQuality@3] File [C:/Users/Envy/Documents/GitHub/TheBigBigg/Saved/Config/Windows/Scalability.ini]
[2022.04.01-06.39.03:528][  0]LogConfig: Setting CVar [[r.HairStrands.SkyLighting.IntegrationType:2]]
[2022.04.01-06.39.03:528][  0]LogConfig: Setting CVar [[r.HairStrands.SkyAO.SampleCount:4]]
[2022.04.01-06.39.03:528][  0]LogConfig: Setting CVar [[r.HairStrands.Visibility.MSAA.SamplePerPixel:4]]
[2022.04.01-06.39.03:528][  0]LogConfig: Applying CVar settings from Section [Startup] File [../../../Engine/Config/ConsoleVariables.ini]
[2022.04.01-06.39.03:528][  0]LogConfig: Setting CVar [[net.UseAdaptiveNetUpdateFrequency:0]]
[2022.04.01-06.39.03:528][  0]LogConfig: Setting CVar [[p.chaos.AllowCreatePhysxBodies:1]]
[2022.04.01-06.39.03:528][  0]LogConfig: Setting CVar [[fx.SkipVectorVMBackendOptimizations:1]]
[2022.04.01-06.39.03:528][  0]LogConfig: Applying CVar settings from Section [ConsoleVariables] File [C:/Users/Envy/Documents/GitHub/TheBigBigg/Saved/Config/Windows/Engine.ini]
[2022.04.01-06.39.03:528][  0]LogConfig: Applying CVar settings from Section [ConsoleVariables] File [C:/Users/Envy/Documents/GitHub/TheBigBigg/Saved/Config/Windows/Editor.ini]
[2022.04.01-06.39.03:529][  0]LogInit: Computer: BLACKSLATE
[2022.04.01-06.39.03:529][  0]LogInit: User: Envy
[2022.04.01-06.39.03:529][  0]LogInit: CPU Page size=4096, Cores=6
[2022.04.01-06.39.03:529][  0]LogInit: High frequency timer resolution =10.000000 MHz
[2022.04.01-06.39.03:529][  0]LogMemory: Memory total: Physical=15.8GB (16GB approx)
[2022.04.01-06.39.03:529][  0]LogMemory: Platform Memory Stats for Windows
[2022.04.01-06.39.03:529][  0]LogMemory: Process Physical Memory: 145.86 MB used, 145.86 MB peak
[2022.04.01-06.39.03:529][  0]LogMemory: Process Virtual Memory: 131.93 MB used, 131.93 MB peak
[2022.04.01-06.39.03:529][  0]LogMemory: Physical Memory: 10127.90 MB used,  6097.64 MB free, 16225.54 MB total
[2022.04.01-06.39.03:529][  0]LogMemory: Virtual Memory: 134209128.00 MB used,  8598.10 MB free, 134217728.00 MB total
[2022.04.01-06.39.03:594][  0]LogWindows: WindowsPlatformFeatures enabled
[2022.04.01-06.39.03:695][  0]LogInit: Physics initialised using underlying interface: PhysX
[2022.04.01-06.39.03:701][  0]LogInit: Using OS detected language (en-US).
[2022.04.01-06.39.03:701][  0]LogInit: Using OS detected locale (en-US).
[2022.04.01-06.39.03:722][  0]LogTextLocalizationManager: No specific localization for 'en-US' exists, so the 'en' localization will be used.
[2022.04.01-06.39.04:051][  0]LogInit: Setting process to per monitor DPI aware
[2022.04.01-06.39.04:079][  0]LogWindowsTextInputMethodSystem: Display: IME system deactivated.
[2022.04.01-06.39.04:117][  0]LogSlate: New Slate User Created.  User Index 0, Is Virtual User: 0
[2022.04.01-06.39.04:117][  0]LogSlate: Slate User Registered.  User Index 0, Is Virtual User: 0
[2022.04.01-06.39.04:452][  0]LogD3D11RHI: Loaded GFSDK_Aftermath_Lib.x64.dll
[2022.04.01-06.39.04:625][  0]LogHMD: Failed to initialize OpenVR with code 108
[2022.04.01-06.39.04:625][  0]LogD3D11RHI: D3D11 min allowed feature level: 11_0
[2022.04.01-06.39.04:625][  0]LogD3D11RHI: D3D11 max allowed feature level: 11_0
[2022.04.01-06.39.04:625][  0]LogD3D11RHI: D3D11 adapters:
[2022.04.01-06.39.04:860][  0]LogD3D11RHI:    0. 'NVIDIA GeForce RTX 2060' (Feature Level 11_0)
[2022.04.01-06.39.04:860][  0]LogD3D11RHI:       5980/0/8112 MB DedicatedVideo/DedicatedSystem/SharedSystem, Outputs:1, VendorId:0x10de
[2022.04.01-06.39.04:978][  0]LogD3D11RHI:    1. 'Intel(R) UHD Graphics 630' (Feature Level 11_0)
[2022.04.01-06.39.04:978][  0]LogD3D11RHI:       128/0/8112 MB DedicatedVideo/DedicatedSystem/SharedSystem, Outputs:0, VendorId:0x8086
[2022.04.01-06.39.04:991][  0]LogD3D11RHI:    2. 'Microsoft Basic Render Driver' (Feature Level 11_0)
[2022.04.01-06.39.04:991][  0]LogD3D11RHI:       0/0/8112 MB DedicatedVideo/DedicatedSystem/SharedSystem, Outputs:0, VendorId:0x1414
[2022.04.01-06.39.04:991][  0]LogD3D11RHI: Chosen D3D11 Adapter:
[2022.04.01-06.39.04:991][  0]LogD3D11RHI:     Description : NVIDIA GeForce RTX 2060
[2022.04.01-06.39.04:991][  0]LogD3D11RHI:     VendorId    : 10de
[2022.04.01-06.39.04:991][  0]LogD3D11RHI:     DeviceId    : 1f11
[2022.04.01-06.39.04:991][  0]LogD3D11RHI:     SubSysId    : 12741462
[2022.04.01-06.39.04:991][  0]LogD3D11RHI:     Revision    : 00a1
[2022.04.01-06.39.04:991][  0]LogD3D11RHI:     DedicatedVideoMemory : 6270484480 bytes
[2022.04.01-06.39.04:991][  0]LogD3D11RHI:     DedicatedSystemMemory : 0 bytes
[2022.04.01-06.39.04:991][  0]LogD3D11RHI:     SharedSystemMemory : 8506857472 bytes
[2022.04.01-06.39.04:991][  0]LogD3D11RHI:     AdapterLuid : 0 72899
[2022.04.01-06.39.05:002][  0]LogD3D11RHI: Creating new Direct3DDevice
[2022.04.01-06.39.05:002][  0]LogD3D11RHI:     GPU DeviceId: 0x1f11 (for the marketing name, search the web for "GPU Device Id")
[2022.04.01-06.39.05:002][  0]LogWindows: EnumDisplayDevices:
[2022.04.01-06.39.05:002][  0]LogWindows:    0. 'Intel(R) UHD Graphics 630' (P:1 D:1)
[2022.04.01-06.39.05:002][  0]LogWindows:    1. 'Intel(R) UHD Graphics 630' (P:0 D:0)
[2022.04.01-06.39.05:002][  0]LogWindows:    2. 'Intel(R) UHD Graphics 630' (P:0 D:0)
[2022.04.01-06.39.05:003][  0]LogWindows:    3. 'NVIDIA GeForce RTX 2060' (P:0 D:0)
[2022.04.01-06.39.05:003][  0]LogWindows:    4. 'NVIDIA GeForce RTX 2060' (P:0 D:0)
[2022.04.01-06.39.05:003][  0]LogWindows:    5. 'NVIDIA GeForce RTX 2060' (P:0 D:0)
[2022.04.01-06.39.05:003][  0]LogWindows:    6. 'NVIDIA GeForce RTX 2060' (P:0 D:0)
[2022.04.01-06.39.05:004][  0]LogWindows: DebugString: PrimaryIsNotTheChoosenAdapter PrimaryIsNotTheChoosenAdapter PrimaryIsNotTheChoosenAdapter FoundDriverCount:4 
[2022.04.01-06.39.05:004][  0]LogD3D11RHI:     Adapter Name: NVIDIA GeForce RTX 2060
[2022.04.01-06.39.05:004][  0]LogD3D11RHI:   Driver Version: 511.09 (internal:30.0.15.1109, unified:511.09)
[2022.04.01-06.39.05:004][  0]LogD3D11RHI:      Driver Date: 12-29-2021
[2022.04.01-06.39.05:004][  0]LogRHI: Texture pool is 4186 MB (70% of 5980 MB)
[2022.04.01-06.39.05:004][  0]LogD3D11RHI: Creating D3DDevice using adapter:
[2022.04.01-06.39.05:004][  0]LogD3D11RHI:     Description : NVIDIA GeForce RTX 2060
[2022.04.01-06.39.05:004][  0]LogD3D11RHI:     VendorId    : 10de
[2022.04.01-06.39.05:004][  0]LogD3D11RHI:     DeviceId    : 1f11
[2022.04.01-06.39.05:004][  0]LogD3D11RHI:     SubSysId    : 12741462
[2022.04.01-06.39.05:004][  0]LogD3D11RHI:     Revision    : 00a1
[2022.04.01-06.39.05:004][  0]LogD3D11RHI:     DedicatedVideoMemory : 6270484480 bytes
[2022.04.01-06.39.05:004][  0]LogD3D11RHI:     DedicatedSystemMemory : 0 bytes
[2022.04.01-06.39.05:004][  0]LogD3D11RHI:     SharedSystemMemory : 8506857472 bytes
[2022.04.01-06.39.05:004][  0]LogD3D11RHI:     AdapterLuid : 0 72899
[2022.04.01-06.39.05:076][  0]LogD3D11RHI: RHI has support for 64 bit atomics
[2022.04.01-06.39.05:077][  0]LogD3D11RHI: Async texture creation enabled
[2022.04.01-06.39.05:077][  0]LogD3D11RHI: Array index from any shader is supported
[2022.04.01-06.39.05:114][  0]LogD3D11RHI: GPU Timing Frequency: 1000.000000 (Debug: 2 1)
[2022.04.01-06.39.05:152][  0]LogRHI: GeForceNow SDK initialized: 1
[2022.04.01-06.39.05:879][  0]LogTargetPlatformManager: Display: Loaded TargetPlatform 'AllDesktop'
[2022.04.01-06.39.05:904][  0]LogTargetPlatformManager: Display: Loaded TargetPlatform 'Android'
[2022.04.01-06.39.05:904][  0]LogTargetPlatformManager: Display: Loaded TargetPlatform 'Android_ASTC'
[2022.04.01-06.39.05:904][  0]LogTargetPlatformManager: Display: Loaded TargetPlatform 'Android_DXT'
[2022.04.01-06.39.05:904][  0]LogTargetPlatformManager: Display: Loaded TargetPlatform 'Android_ETC2'
[2022.04.01-06.39.05:904][  0]LogTargetPlatformManager: Display: Loaded TargetPlatform 'AndroidClient'
[2022.04.01-06.39.05:904][  0]LogTargetPlatformManager: Display: Loaded TargetPlatform 'Android_ASTCClient'
[2022.04.01-06.39.05:904][  0]LogTargetPlatformManager: Display: Loaded TargetPlatform 'Android_DXTClient'
[2022.04.01-06.39.05:904][  0]LogTargetPlatformManager: Display: Loaded TargetPlatform 'Android_ETC2Client'
[2022.04.01-06.39.05:904][  0]LogTargetPlatformManager: Display: Loaded TargetPlatform 'Android_Multi'
[2022.04.01-06.39.05:904][  0]LogTargetPlatformManager: Display: Loaded TargetPlatform 'Android_MultiClient'
[2022.04.01-06.39.05:927][  0]LogTargetPlatformManager: Display: Loaded TargetPlatform 'IOSClient'
[2022.04.01-06.39.05:927][  0]LogTargetPlatformManager: Display: Loaded TargetPlatform 'IOS'
[2022.04.01-06.39.05:941][  0]LogTargetPlatformManager: Display: Loaded TargetPlatform 'Linux'
[2022.04.01-06.39.05:947][  0]LogTargetPlatformManager: Display: Loaded TargetPlatform 'LinuxNoEditor'
[2022.04.01-06.39.05:953][  0]LogTargetPlatformManager: Display: Loaded TargetPlatform 'LinuxClient'
[2022.04.01-06.39.05:960][  0]LogTargetPlatformManager: Display: Loaded TargetPlatform 'LinuxServer'
[2022.04.01-06.39.05:973][  0]LogTargetPlatformManager: Display: Loaded TargetPlatform 'LinuxAArch64NoEditor'
[2022.04.01-06.39.05:980][  0]LogTargetPlatformManager: Display: Loaded TargetPlatform 'LinuxAArch64Client'
[2022.04.01-06.39.05:986][  0]LogTargetPlatformManager: Display: Loaded TargetPlatform 'LinuxAArch64Server'
[2022.04.01-06.39.06:016][  0]LogTargetPlatformManager: Display: Loaded TargetPlatform 'Lumin'
[2022.04.01-06.39.06:016][  0]LogTargetPlatformManager: Display: Loaded TargetPlatform 'LuminClient'
[2022.04.01-06.39.06:027][  0]LogTargetPlatformManager: Display: Loaded TargetPlatform 'MacNoEditor'
[2022.04.01-06.39.06:033][  0]LogTargetPlatformManager: Display: Loaded TargetPlatform 'Mac'
[2022.04.01-06.39.06:038][  0]LogTargetPlatformManager: Display: Loaded TargetPlatform 'MacClient'
[2022.04.01-06.39.06:044][  0]LogTargetPlatformManager: Display: Loaded TargetPlatform 'MacServer'
[2022.04.01-06.39.06:057][  0]LogTargetPlatformManager: Display: Loaded TargetPlatform 'TVOSClient'
[2022.04.01-06.39.06:057][  0]LogTargetPlatformManager: Display: Loaded TargetPlatform 'TVOS'
[2022.04.01-06.39.06:068][  0]LogTargetPlatformManager: Display: Loaded TargetPlatform 'WindowsNoEditor'
[2022.04.01-06.39.06:073][  0]LogTargetPlatformManager: Display: Loaded TargetPlatform 'Windows'
[2022.04.01-06.39.06:078][  0]LogTargetPlatformManager: Display: Loaded TargetPlatform 'WindowsClient'
[2022.04.01-06.39.06:084][  0]LogTargetPlatformManager: Display: Loaded TargetPlatform 'WindowsServer'
[2022.04.01-06.39.06:084][  0]LogTargetPlatformManager: Display: Building Assets For Windows
[2022.04.01-06.39.06:096][  0]LogAudioDebug: Display: Lib vorbis DLL was dynamically loaded.
[2022.04.01-06.39.06:149][  0]LogTextureFormatOodle: Display: Oodle Texture 2.9.0 init RDO Off
[2022.04.01-06.39.06:204][  0]LogRendererCore: Ray tracing is disabled. Reason: r.RayTracing=0.
[2022.04.01-06.39.06:204][  0]LogShaderCompilers: Guid format shader working directory is -12 characters bigger than the processId version (../../../../../../Users/Envy/Documents/GitHub/TheBigBigg/Intermediate/Shaders/WorkingDirectory/13588/).
[2022.04.01-06.39.06:205][  0]LogShaderCompilers: Cleaned the shader compiler working directory 'C:/Users/Envy/AppData/Local/Temp/UnrealShaderWorkingDir/E54108644ABA8D6EA46721AE4ED40F8F/'.
[2022.04.01-06.39.06:205][  0]LogXGEController: Cannot use XGE Controller as Incredibuild is not installed on this machine.
[2022.04.01-06.39.06:205][  0]LogShaderCompilers: Cannot use XGE Shader Compiler as Incredibuild is not installed on this machine.
[2022.04.01-06.39.06:205][  0]LogShaderCompilers: Display: Using Local Shader Compiler.
[2022.04.01-06.39.07:380][  0]LogDerivedDataCache: Display: Max Cache Size: 512 MB
[2022.04.01-06.39.07:509][  0]LogDerivedDataCache: Loaded boot cache 0.13s 94MB C:/Users/Envy/AppData/Local/UnrealEngine/4.27/DerivedDataCache/Boot.ddc.
[2022.04.01-06.39.07:509][  0]LogDerivedDataCache: Display: Loaded Boot cache: C:/Users/Envy/AppData/Local/UnrealEngine/4.27/DerivedDataCache/Boot.ddc
[2022.04.01-06.39.07:509][  0]LogDerivedDataCache: FDerivedDataBackendGraph:  Pak pak cache file ../../../../../../Users/Envy/Documents/GitHub/TheBigBigg/DerivedDataCache/DDC.ddp not found, will not use a pak cache.
[2022.04.01-06.39.07:509][  0]LogDerivedDataCache: Unable to find inner node Pak for hierarchical cache Hierarchy.
[2022.04.01-06.39.07:509][  0]LogDerivedDataCache: FDerivedDataBackendGraph:  CompressedPak pak cache file ../../../../../../Users/Envy/Documents/GitHub/TheBigBigg/DerivedDataCache/Compressed.ddp not found, will not use a pak cache.
[2022.04.01-06.39.07:509][  0]LogDerivedDataCache: Unable to find inner node CompressedPak for hierarchical cache Hierarchy.
[2022.04.01-06.39.07:529][  0]LogDerivedDataCache: Display: Pak cache opened for reading ../../../Engine/DerivedDataCache/Compressed.ddp.
[2022.04.01-06.39.07:529][  0]LogDerivedDataCache: FDerivedDataBackendGraph:  EnterprisePak pak cache file ../../../Enterprise/DerivedDataCache/Compressed.ddp not found, will not use a pak cache.
[2022.04.01-06.39.07:529][  0]LogDerivedDataCache: Unable to find inner node EnterprisePak for hierarchical cache Hierarchy.
[2022.04.01-06.39.07:541][  0]LogDerivedDataCache: Speed tests for C:/Users/Envy/AppData/Local/UnrealEngine/Common/DerivedDataCache took 0.01 seconds
[2022.04.01-06.39.07:541][  0]LogDerivedDataCache: Display: Performance to C:/Users/Envy/AppData/Local/UnrealEngine/Common/DerivedDataCache: Latency=0.12ms. RandomReadSpeed=216.29MBs, RandomWriteSpeed=165.02MBs. Assigned SpeedClass 'Local'
[2022.04.01-06.39.07:541][  0]LogDerivedDataCache: Using Local data cache path C:/Users/Envy/AppData/Local/UnrealEngine/Common/DerivedDataCache: Writable
[2022.04.01-06.39.07:541][  0]LogDerivedDataCache: Shared data cache path not found in *engine.ini, will not use an Shared cache.
[2022.04.01-06.39.07:541][  0]LogDerivedDataCache: Unable to find inner node Shared for hierarchical cache Hierarchy.
[2022.04.01-06.39.07:598][  0]LogSlate: Using FreeType 2.10.0
[2022.04.01-06.39.07:600][  0]LogSlate: SlateFontServices - WITH_FREETYPE: 1, WITH_HARFBUZZ: 1
[2022.04.01-06.39.07:640][  0]LogAssetRegistry: FAssetRegistry took 0.0032 seconds to start up
[2022.04.01-06.39.08:062][  0]LogInit: Selected Device Profile: [Windows]
[2022.04.01-06.39.08:062][  0]LogInit: Active device profile: [00000200D4ACC900][00000200D58283C0 49] Windows
[2022.04.01-06.39.08:062][  0]LogInit: Profiles: [00000200D4ACC900][00000200D58283C0 49] Windows, [00000200D4A9B700][00000200D5830540 49] WindowsNoEditor, [00000200D4ACF500][00000200D58346C0 49] WindowsServer, [00000200D4A98E00][00000200D582C800 49] WindowsClient, [00000200D4ACF800][00000200D5838940 49] IOS, [00000200D4A9A700][00000200D583CA80 49] iPadAir, [00000200D4ACE000][00000200D5840BC0 49] iPadAir2, [00000200D4A38A00][00000200D584CE80 49] IPadPro, [00000200D4A38B00][00000200D5848EC0 49] iPadAir3, [00000200D4A99800][00000200D5851040 49] iPadAir4, [00000200D4A3B400][00000200D58551C0 49] iPadMini2, [00000200D4A9A900][00000200D5859340 49] iPadMini3, [00000200D4A39700][00000200D585D4C0 49] iPadMini4, [00000200D4ACD100][00000200D5865640 49] iPadMini5, [00000200D4A70300][00000200C8E3F900 49] iPhone6, [00000200D4A70400][00000200D586D940 49] iPodTouch6, [00000200D6087F00][00000200C8E77C00 49] iPhone7, [00000200D6087E00][00000200C8D920C0 49] iPodTouch7, [00000200D4A99F00][00000200C8EAE240 49] iPhone5S, [00000200D6085A00][00000200C8EB23C0 49] iPhone6Plus, [00000200D4A70200][00000200C8EB6540 49] iPhone6S, [00000200D6084600][00000200D22AA6C0 49] iPhone6SPlus, [00000200D4A72900][00000200D22B2840 49] iPhone7Plus, [00000200D6087100][00000200D5844980 49] iPhoneSE, [00000200D4A72200][00000200D595EAC0 49] iPhone8, [00000200D6087B00][00000200D5962C00 49] iPhone8Plus, [00000200D4A70A00][00000200D5966D40 49] iPhoneX, [00000200D6085400][00000200D233AEC0 49] iPhoneXS, [00000200D4A73D00][00000200D236B040 49] iPhoneXSMax, [00000200D6084500][00000200D23891C0 49] iPhoneXR, [00000200D4A71300][00000200C8A9D340 49] iPhone11, [00000200D6086700][00000200C8ADB4C0 49] iPhone11Pro, [00000200D4A71000][00000200C8AFF640 49] iPhone11ProMax, [00000200D6086A00][00000200C8B037C0 49] iPhoneSE2, [00000200D4A71400][00000200C8B07940 49] iPhone12Mini, [00000200D6086400][00000200C8B0BAC0 49] iPhone12, [00000200D4A70D00][00000200D5C680C0 49] iPhone12Pro, [00000200D6086B00][00000200D5C6C240 49] iPhone12ProMax, [00000200D4A73000][00000200D5C703C0 49] iPadPro105, [00000200D6084700][00000200D5C74540 49] iPadPro129, [00000200D4A72800][00000200D5C786C0 49] iPadPro97, [00000200D6086600][00000200C8D6C840 49] iPadPro2_129, [00000200D4A73C00][00000200C8D749C0 49] iPad5, [00000200D6086200][00000200C8D84B40 49] iPad6, [00000200D4A70F00][00000200D2336C80 49] iPad7, [00000200D6087C00][00000200C8E0EDC0 49] iPad8, [00000200D4A73400][00000200C8E34F00 49] iPadPro11, [00000200D6086F00][00000200D5B03080 49] iPadPro2_11, [00000200D4A73900][00000200D5B13200 49] iPadPro3_129, [00000200D6085700][00000200D5B21380 49] iPadPro4_129, [00000200D4A71100][00000200D5B25500 49] AppleTV, [00000200D6086100][00000200D5B29680 49] AppleTV4K, [00000200D4A71F00][00000200D5B2D800 49] TVOS, [00000200D6087400][00000200D5B31980 49] Mac, [00000200D4A73800][00000200D5B35B00 49] MacClient, [00000200D6085E00][00000200D5B38100 49] MacNoEditor, [00000200D4A73F00][00000200D5B3C280 49] MacServer, [00000200D6085200][00000200D5B40400 49] Linux, [00000200D4A70C00][00000200D5B44580 49] LinuxAArch64, [00000200D6085F00][00000200D5B48700 49] LinuxNoEditor, [00000200D4A71B00][00000200C8AA0880 49] LinuxAArch64NoEditor, [00000200D6087A00][00000200C8AA4A00 49] LinuxClient, [00000200D4A73500][00000200C8AA8B80 49] LinuxAArch64Client, [00000200D6085000][00000200C8AACD00 49] LinuxServer, [00000200D4A72500][00000200D5AFEE40 49] LinuxAArch64Server, [00000200D6084A00][00000200C8AC4F80 49] Android, [00000200D4A73300][00000200C8AC90C0 49] Android_Low, [00000200D6087500][00000200C8AD1240 49] Android_Mid, [00000200D4A70600][00000200C8AD53C0 49] Android_High, [00000200D6084200][00000200D8085540 49] Android_Default, [00000200D4A73100][00000200D80896C0 49] Android_Adreno4xx, [00000200D6085100][00000200D808D840 49] Android_Adreno5xx_Low, [00000200D4A3B600][00000200BB4ED9C0 49] Android_Adreno5xx, [00000200D4A99400][00000200BB4F1B40 49] Android_Adreno6xx, [00000200D4A38F00][00000200C8AE2140 49] Android_Adreno6xx_Vulkan, [00000200D4A9BB00][00000200C8AE62C0 49] Android_Mali_T6xx, [00000200D4A39100][00000200C8AEA440 49] Android_Mali_T7xx, [00000200D4A99500][00000200C8AEE5C0 49] Android_Mali_T8xx, [00000200D4A39E00][00000200C8AF2740 49] Android_Mali_G71, [00000200D4A98500][00000200C8AF68C0 49] Android_Mali_G72, [00000200D4A38800][00000200C8AFAA40 49] Android_Mali_G72_Vulkan, [00000200D4A9B900][00000200C8ADEBC0 49] Android_Mali_G76, [00000200D4A38100][00000200BB4E8D40 49] Android_Mali_G76_Vulkan, [00000200D4A99E00][00000200BB500EC0 49] Android_Mali_G77, [00000200D4A39000][00000200C8ACD000 49] Android_Mali_G77_Vulkan, [00000200D4A98A00][00000200BB505140 49] Android_Mali_G78, [00000200D4A3AC00][00000200BB509280 49] Android_Mali_G78_Vulkan, [00000200D4A9B500][00000200BB50D3C0 49] Android_Mali_G710, [00000200D4A3AB00][00000200D5C7D540 49] Android_Mali_G710_Vulkan, [00000200D4A9BE00][00000200D23336C0 49] Android_Vulkan_SM5, [00000200D4A3BB00][00000200D233F840 49] Android_PowerVR_G6xxx, [00000200D4A98100][00000200BB5119C0 49] Android_PowerVR_GT7xxx, [00000200D4A3A300][00000200BB515B40 49] Android_PowerVR_GE8xxx, [00000200D4A98C00][00000200D2342140 49] Android_PowerVR_GM9xxx, [00000200D4A3A700][00000200D23462C0 49] Android_PowerVR_GM9xxx_Vulkan, [00000200D4A9A600][00000200D234A440 49] Android_TegraK1, [00000200D4A38600][00000200D234E5C0 49] Android_Unknown_Vulkan, [00000200D4A9AC00][00000200D2352740 49] Lumin, [00000200D4A38500][00000200D23568C0 49] Lumin_Desktop, [00000200D4A9A400][00000200D235AA40 49] HoloLens, 
[2022.04.01-06.39.08:267][  0]LogMeshReduction: Using QuadricMeshReduction for automatic static mesh reduction
[2022.04.01-06.39.08:267][  0]LogMeshReduction: Using SimplygonMeshReduction for automatic skeletal mesh reduction
[2022.04.01-06.39.08:267][  0]LogMeshReduction: Using ProxyLODMeshReduction for automatic mesh merging
[2022.04.01-06.39.08:267][  0]LogMeshReduction: No distributed automatic mesh merging module available
[2022.04.01-06.39.08:268][  0]LogMeshMerging: No distributed automatic mesh merging module available
[2022.04.01-06.39.08:289][  0]LogNetVersion: Trials_For_Project 1.0.0, NetCL: 17155196, EngineNetVer: 17, GameNetVer: 0 (Checksum: 1074673124)
[2022.04.01-06.39.08:981][  0]LogTexture: Default maximum texture size for cubemaps generated from long-lat sources has been changed from 512 to unlimited. In order to preserve old behaiour for '/Engine/MapTemplates/Sky/DaylightAmbientCubemap.DaylightAmbientCubemap', its maximum texture size has been explicitly set to 512.
[2022.04.01-06.39.09:065][  0]LogHMD: PokeAHoleMaterial loaded successfully
[2022.04.01-06.39.09:073][  0]LogUObjectArray: 17178 objects as part of root set at end of initial load.
[2022.04.01-06.39.09:073][  0]LogUObjectAllocator: 4302048 out of 0 bytes used by permanent object pool.
[2022.04.01-06.39.09:073][  0]LogUObjectArray: CloseDisregardForGC: 0/0 objects in disregard for GC pool
[2022.04.01-06.39.09:578][  0]LogNiagaraDebuggerClient: Niagara Debugger Client Initialized | Session: 4054C9A746B03B115F56B188F6C2C673 | Instance: 0B443FFB4529C8E3626BBBAEF621FF32 (BLACKSLATE-13588).
[2022.04.01-06.39.09:679][  0]LogUdpMessaging: Initializing bridge on interface 0.0.0.0:0 to multicast group 230.0.0.1:6666.
[2022.04.01-06.39.09:688][  0]LogTcpMessaging: Initializing TcpMessaging bridge
[2022.04.01-06.39.09:860][  0]LogPython: Using Python 3.7.7
[2022.04.01-06.39.11:000][  0]SourceControl: Source control is disabled
[2022.04.01-06.39.11:000][  0]SourceControl: Source control is disabled
[2022.04.01-06.39.11:853][  0]LogUProjectInfo: Found projects:
[2022.04.01-06.39.12:123][  0]LogOpenImageDenoise: OIDN starting up
[2022.04.01-06.39.12:159][  0]LogAndroidPermission: UAndroidPermissionCallbackProxy::GetInstance
[2022.04.01-06.39.12:179][  0]LogAudioCaptureCore: Display: No Audio Capture implementations found. Audio input will be silent.
[2022.04.01-06.39.12:179][  0]LogAudioCaptureCore: Display: No Audio Capture implementations found. Audio input will be silent.
[2022.04.01-06.39.12:359][  0]LogCollectionManager: Loaded 0 collections in 0.001105 seconds
[2022.04.01-06.39.12:403][  0]LogFileCache: Scanning file cache for directory 'C:/Users/Envy/Documents/GitHub/TheBigBigg/Saved/Collections/' took 0.00s
[2022.04.01-06.39.12:404][  0]LogFileCache: Scanning file cache for directory 'C:/Users/Envy/Documents/GitHub/TheBigBigg/Content/Developers/Envy/Collections/' took 0.00s
[2022.04.01-06.39.12:404][  0]LogFileCache: Scanning file cache for directory 'C:/Users/Envy/Documents/GitHub/TheBigBigg/Content/Collections/' took 0.00s
[2022.04.01-06.39.12:404][  0]LogOcInput: OculusInput pre-init called
[2022.04.01-06.39.13:168][  0]LogClass: Display: Int8Property FMTSJson::version is not initialized properly. Module:MegascansPlugin File:Private/Utilities/MTSReader.h
[2022.04.01-06.39.13:168][  0]LogClass: Display: Int16Property FMTSJson::resolutionValue is not initialized properly. Module:MegascansPlugin File:Private/Utilities/MTSReader.h
[2022.04.01-06.39.13:168][  0]LogClass: Display: BoolProperty FMTSJson::isExternal is not initialized properly. Module:MegascansPlugin File:Private/Utilities/MTSReader.h
[2022.04.01-06.39.13:168][  0]LogClass: Display: Int8Property FMTSJson::meshVersion is not initialized properly. Module:MegascansPlugin File:Private/Utilities/MTSReader.h
[2022.04.01-06.39.13:168][  0]LogClass: Display: BoolProperty FMTSJson::isCustom is not initialized properly. Module:MegascansPlugin File:Private/Utilities/MTSReader.h
[2022.04.01-06.39.13:168][  0]LogClass: Display: BoolProperty FMTSJson::isModularAsset is not initialized properly. Module:MegascansPlugin File:Private/Utilities/MTSReader.h
[2022.04.01-06.39.13:168][  0]LogClass: Display: Int8Property FLodList::variation is not initialized properly. Module:MegascansPlugin File:Private/Utilities/MTSReader.h
[2022.04.01-06.39.13:168][  0]LogClass: Display: Int16Property FMeshList::resolution is not initialized properly. Module:MegascansPlugin File:Private/Utilities/MTSReader.h
[2022.04.01-06.39.13:168][  0]LogClass: Display: Int16Property FComponents::resolution is not initialized properly. Module:MegascansPlugin File:Private/Utilities/MTSReader.h
[2022.04.01-06.39.13:168][  0]LogClass: Display: BoolProperty FTextureSets::isUdim is not initialized properly. Module:MegascansPlugin File:Private/Utilities/MTSReader.h
[2022.04.01-06.39.13:168][  0]LogClass: Display: BoolProperty FMeta::value is not initialized properly. Module:MegascansPlugin File:Private/Utilities/MTSReader.h
[2022.04.01-06.39.13:168][  0]LogClass: Display: 11 Uninitialized script struct members found including 0 object properties
[2022.04.01-06.39.13:174][  0]LogEngine: Initializing Engine...
[2022.04.01-06.39.13:255][  0]LogHMD: Failed to initialize OpenVR with code 108
[2022.04.01-06.39.13:280][  0]LogHMD: Optional extension XR_VARJO_quad_views is not available
[2022.04.01-06.39.13:280][  0]LogHMD: Warning: Required extension XR_EXT_eye_gaze_interaction is not available
[2022.04.01-06.39.13:280][  0]LogHMD: Could not enable all required OpenXR extensions for OpenXREyeTracker on current system. This plugin will be loaded but ignored, but will be enabled on a target platform that supports the required extension.
[2022.04.01-06.39.13:333][  0]LogHMD: Failed to create an OpenXR instance, result is XR_ERROR_RUNTIME_FAILURE. Please check if you have an OpenXR runtime installed. The following extensions were enabled:
[2022.04.01-06.39.13:333][  0]LogHMD: - XR_KHR_D3D11_enable
[2022.04.01-06.39.13:333][  0]LogHMD: - XR_KHR_D3D12_enable
[2022.04.01-06.39.13:333][  0]LogHMD: - XR_KHR_opengl_enable
[2022.04.01-06.39.13:333][  0]LogHMD: - XR_KHR_vulkan_enable
[2022.04.01-06.39.13:333][  0]LogHMD: - XR_KHR_composition_layer_depth
[2022.04.01-06.39.13:333][  0]LogHMD: - XR_KHR_visibility_mask
[2022.04.01-06.39.13:333][  0]LogHMD: - XR_EXT_hand_tracking
[2022.04.01-06.39.13:333][  0]LogMagicLeap: Warning: VR disabled because ZI is not enabled.  To enable, in the editor, Edit -> Project Settings -> Plugins -> Magic Leap Plugin -> Enable Zero Iteration
[2022.04.01-06.39.13:337][  0]LogStats: UGameplayTagsManager::InitializeManager -  0.002 s
[2022.04.01-06.39.13:513][  0]LogInit: Initializing FReadOnlyCVARCache
[2022.04.01-06.39.13:532][  0]LogAIModule: Creating AISystem for world Untitled
[2022.04.01-06.39.13:532][  0]LogAudio: Display: Initializing Audio Device Manager...
[2022.04.01-06.39.13:537][  0]LogAudio: Display: Loading Default Audio Settings Objects...
[2022.04.01-06.39.13:538][  0]LogAudio: Display: No default SoundConcurrencyObject specified (or failed to load).
[2022.04.01-06.39.13:540][  0]LogAudio: Display: Audio Device Manager Initialized
[2022.04.01-06.39.13:540][  0]LogAudio: Display: Creating Audio Device:                 Id: 1, Scope: Shared, Realtime: True
[2022.04.01-06.39.13:540][  0]LogAudioMixer: Display: Audio Mixer Platform Settings:
[2022.04.01-06.39.13:540][  0]LogAudioMixer: Display: 	Sample Rate:						  48000
[2022.04.01-06.39.13:540][  0]LogAudioMixer: Display: 	Callback Buffer Frame Size Requested: 1024
[2022.04.01-06.39.13:540][  0]LogAudioMixer: Display: 	Callback Buffer Frame Size To Use:	  1024
[2022.04.01-06.39.13:540][  0]LogAudioMixer: Display: 	Number of buffers to queue:			  2
[2022.04.01-06.39.13:540][  0]LogAudioMixer: Display: 	Max Channels (voices):				  32
[2022.04.01-06.39.13:540][  0]LogAudioMixer: Display: 	Number of Async Source Workers:		  0
[2022.04.01-06.39.13:540][  0]LogAudio: Display: AudioDevice MaxSources: 32
[2022.04.01-06.39.13:541][  0]LogAudio: Display: Audio Spatialization Plugin: None (built-in).
[2022.04.01-06.39.13:541][  0]LogAudio: Display: Audio Reverb Plugin: None (built-in).
[2022.04.01-06.39.13:541][  0]LogAudio: Display: Audio Occlusion Plugin: None (built-in).
[2022.04.01-06.39.13:541][  0]LogAudioMixer: Display: Initializing audio mixer.
[2022.04.01-06.39.13:647][  0]LogAudioMixer: Display: 0: FrontLeft
[2022.04.01-06.39.13:647][  0]LogAudioMixer: Display: 1: FrontRight
[2022.04.01-06.39.13:666][  0]LogAudioMixer: Display: Using Audio Device VoiceMeeter Input (VB-Audio VoiceMeeter VAIO)
[2022.04.01-06.39.13:670][  0]LogAudioMixer: Display: Initializing Sound Submixes...
[2022.04.01-06.39.13:674][  0]LogAudioMixer: Display: Creating Master Submix 'MasterSubmixDefault'
[2022.04.01-06.39.13:674][  0]LogAudioMixer: Display: Creating Master Submix 'MasterReverbSubmixDefault'
[2022.04.01-06.39.13:675][  0]LogAudioMixer: Display: Creating Master Submix 'MasterEQSubmixDefault'
[2022.04.01-06.39.13:675][  0]LogAudioMixer: FMixerPlatformXAudio2::StartAudioStream() called
[2022.04.01-06.39.13:675][  0]LogAudioMixer: Display: Output buffers initialized: Frames=1024, Channels=2, Samples=2048
[2022.04.01-06.39.13:676][  0]LogAudioMixer: Display: Starting AudioMixerPlatformInterface::RunInternal()
[2022.04.01-06.39.13:676][  0]LogAudioMixer: Display: FMixerPlatformXAudio2::SubmitBuffer() called for the first time
[2022.04.01-06.39.13:676][  0]LogInit: FAudioDevice initialized.
[2022.04.01-06.39.13:676][  0]LogAudio: Display: Audio Device (ID: 1) registered with world 'Untitled'.
[2022.04.01-06.39.13:676][  0]LogNetVersion: Set ProjectVersion to 1.0.0.0. Version Checksum will be recalculated on next use.
[2022.04.01-06.39.13:737][  0]LogDerivedDataCache: Saved boot cache 0.06s 94MB C:/Users/Envy/AppData/Local/UnrealEngine/4.27/DerivedDataCache/Boot.ddc.
[2022.04.01-06.39.13:738][  0]LogInit: Texture streaming: Enabled
[2022.04.01-06.39.13:765][  0]LogAnalytics: Display: [UEEditor.Rocket.Release] APIServer = https://datarouter.ol.epicgames.com/. AppVersion = 4.27.2-18319896+++UE4+Release-4.27
[2022.04.01-06.39.13:772][  0]LogEngineSessionManager: EngineSessionManager initialized
[2022.04.01-06.39.13:772][  0]LogEditorSessionSummary: Verbose: Initializing EditorSessionSummaryWriter for editor session tracking
[2022.04.01-06.39.13:775][  0]LogEditorSessionSummary: EditorSessionSummaryWriter initialized
[2022.04.01-06.39.13:820][  0]LogInit: Transaction tracking system initialized
[2022.04.01-06.39.13:861][  0]BlueprintLog: New page: Editor Load
[2022.04.01-06.39.13:980][  0]LocalizationService: Localization service is disabled
[2022.04.01-06.39.14:027][  0]TimingProfiler: Initialize
[2022.04.01-06.39.14:029][  0]TimingProfiler: OnSessionChanged
[2022.04.01-06.39.14:029][  0]LoadingProfiler: Initialize
[2022.04.01-06.39.14:029][  0]LoadingProfiler: OnSessionChanged
[2022.04.01-06.39.14:029][  0]NetworkingProfiler: Initialize
[2022.04.01-06.39.14:030][  0]NetworkingProfiler: OnSessionChanged
[2022.04.01-06.39.14:030][  0]MemoryProfiler: Initialize
[2022.04.01-06.39.14:030][  0]MemoryProfiler: OnSessionChanged
[2022.04.01-06.39.14:306][  0]LogCook: Display: CookSettings for Memory: MemoryMaxUsedVirtual 0MiB, MemoryMaxUsedPhysical 16384MiB, MemoryMinFreeVirtual 0MiB, MemoryMinFreePhysical 1024MiB
[2022.04.01-06.39.14:306][  0]LogCook: Display: Mobile HDR setting 1
[2022.04.01-06.39.14:626][  0]LogFileCache: Scanning file cache for directory 'C:/Users/Envy/Documents/GitHub/TheBigBigg/Content/' took 0.01s
[2022.04.01-06.39.14:892][  0]LogInit: Display: Engine is initialized. Leaving FEngineLoop::Init()
[2022.04.01-06.39.14:900][  0]LogUnrealEdMisc: Loading editor; pre map load, took 14.521
[2022.04.01-06.39.14:900][  0]Cmd: MAP LOAD FILE="../../../../../../Users/Envy/Documents/GitHub/TheBigBigg/Content/StarterContent/Maps/Minimal_Default.umap" TEMPLATE=0 SHOWPROGRESS=1 FEATURELEVEL=3
[2022.04.01-06.39.14:904][  0]LightingResults: New page: Lighting Build
[2022.04.01-06.39.14:907][  0]LogWorld: UWorld::CleanupWorld for Untitled, bSessionEnded=true, bCleanupResources=true
[2022.04.01-06.39.14:907][  0]LogSlate: InvalidateAllWidgets triggered.  All widgets were invalidated
[2022.04.01-06.39.14:907][  0]MapCheck: New page: Map Check
[2022.04.01-06.39.14:907][  0]LightingResults: New page: Lighting Build
[2022.04.01-06.39.14:913][  0]LogAudio: Display: Audio Device unregistered from world 'None'.
[2022.04.01-06.39.14:916][  0]LogUObjectHash: Compacting FUObjectHashTables data took   0.90ms
[2022.04.01-06.39.15:166][  0]LogTexture: Display: Building textures: DeprecatedTextureD6C57B644F03DADF4F2699848FAEA3C3 (BGRA8, 128X128)
[2022.04.01-06.39.15:172][  0]LogTexture: Display: Building textures: DeprecatedTexture8D91C9AE4C6B8D628CDA3C848426284A (BGRA8, 128X128)
[2022.04.01-06.39.15:211][  0]LogAudio: Display: Audio Device (ID: 1) registered with world 'Minimal_Default'.
[2022.04.01-06.39.15:212][  0]LogAIModule: Creating AISystem for world Minimal_Default
[2022.04.01-06.39.15:223][  0]LogEditorServer: Finished looking for orphan Actors (0.000 secs)
[2022.04.01-06.39.15:232][  0]LogUObjectHash: Compacting FUObjectHashTables data took   1.09ms
[2022.04.01-06.39.15:233][  0]Cmd: MAP CHECKDEP NOCLEARLOG
[2022.04.01-06.39.15:233][  0]MapCheck: Map check complete: 0 Error(s), 0 Warning(s), took 0.263ms to complete.
[2022.04.01-06.39.15:233][  0]LogFileHelpers: Loading map 'Minimal_Default' took 0.333
[2022.04.01-06.39.15:236][  0]LogUnrealEdMisc: Total Editor Startup Time, took 14.857
[2022.04.01-06.39.15:374][  0]LogSlate: Updating window title bar state: overlay mode, drag disabled, window buttons hidden, title bar hidden
[2022.04.01-06.39.15:387][  0]LogSlate: Updating window title bar state: overlay mode, drag disabled, window buttons hidden, title bar hidden
[2022.04.01-06.39.15:400][  0]LogSlate: Updating window title bar state: overlay mode, drag disabled, window buttons hidden, title bar hidden
[2022.04.01-06.39.15:411][  0]LogSlate: Updating window title bar state: overlay mode, drag disabled, window buttons hidden, title bar hidden
[2022.04.01-06.39.15:438][  0]LogNativeClassHierarchy: Verbose: Native class hierarchy populated in 0.0121 seconds. Added 3833 classes and 935 folders.
[2022.04.01-06.39.15:445][  0]LogNativeClassHierarchy: Verbose: Native class hierarchy updated for 'WidgetCarousel' in 0.0003 seconds. Added 0 classes and 0 folders.
[2022.04.01-06.39.15:451][  0]LogPakFile: PakFile PrimaryIndexSize=187
[2022.04.01-06.39.15:451][  0]LogPakFile: PakFile PathHashIndexSize=101
[2022.04.01-06.39.15:451][  0]LogPakFile: PakFile FullDirectoryIndexSize=148
[2022.04.01-06.39.15:452][  0]LogShaderLibrary: Display: ShaderCodeLibraryPakFileMountedCallback: PakFile 'C:/Program Files/Epic Games/UE_4.27/FeaturePacks/FP_FirstPerson.upack' (chunk index -1, root 'root:/') mounted
[2022.04.01-06.39.15:452][  0]LogShaderLibrary: Display: ShaderCodeLibraryPakFileMountedCallback: pending pak file info (ChunkID:-1 Root:root:/ File:C:/Program Files/Epic Games/UE_4.27/FeaturePacks/FP_FirstPerson.upack)
[2022.04.01-06.39.15:452][  0]LogPakFile: OnPakFileMounted2Time == 0.000848
[2022.04.01-06.39.15:456][  0]LogPakFile: PakFile PrimaryIndexSize=189
[2022.04.01-06.39.15:456][  0]LogPakFile: PakFile PathHashIndexSize=101
[2022.04.01-06.39.15:456][  0]LogPakFile: PakFile FullDirectoryIndexSize=152
[2022.04.01-06.39.15:456][  0]LogShaderLibrary: Display: ShaderCodeLibraryPakFileMountedCallback: PakFile 'C:/Program Files/Epic Games/UE_4.27/FeaturePacks/FP_FirstPersonBP.upack' (chunk index -1, root 'root:/') mounted
[2022.04.01-06.39.15:456][  0]LogShaderLibrary: Display: ShaderCodeLibraryPakFileMountedCallback: pending pak file info (ChunkID:-1 Root:root:/ File:C:/Program Files/Epic Games/UE_4.27/FeaturePacks/FP_FirstPersonBP.upack)
[2022.04.01-06.39.15:457][  0]LogPakFile: OnPakFileMounted2Time == 0.000084
[2022.04.01-06.39.15:458][  0]LogPakFile: PakFile PrimaryIndexSize=191
[2022.04.01-06.39.15:458][  0]LogPakFile: PakFile PathHashIndexSize=101
[2022.04.01-06.39.15:458][  0]LogPakFile: PakFile FullDirectoryIndexSize=160
[2022.04.01-06.39.15:458][  0]LogShaderLibrary: Display: ShaderCodeLibraryPakFileMountedCallback: PakFile 'C:/Program Files/Epic Games/UE_4.27/FeaturePacks/MobileStarterContent.upack' (chunk index -1, root 'root:/') mounted
[2022.04.01-06.39.15:459][  0]LogShaderLibrary: Display: ShaderCodeLibraryPakFileMountedCallback: pending pak file info (ChunkID:-1 Root:root:/ File:C:/Program Files/Epic Games/UE_4.27/FeaturePacks/MobileStarterContent.upack)
[2022.04.01-06.39.15:459][  0]LogPakFile: OnPakFileMounted2Time == 0.000080
[2022.04.01-06.39.15:460][  0]LogPakFile: PakFile PrimaryIndexSize=185
[2022.04.01-06.39.15:460][  0]LogPakFile: PakFile PathHashIndexSize=101
[2022.04.01-06.39.15:460][  0]LogPakFile: PakFile FullDirectoryIndexSize=148
[2022.04.01-06.39.15:460][  0]LogShaderLibrary: Display: ShaderCodeLibraryPakFileMountedCallback: PakFile 'C:/Program Files/Epic Games/UE_4.27/FeaturePacks/StarterContent.upack' (chunk index -1, root 'root:/') mounted
[2022.04.01-06.39.15:461][  0]LogShaderLibrary: Display: ShaderCodeLibraryPakFileMountedCallback: pending pak file info (ChunkID:-1 Root:root:/ File:C:/Program Files/Epic Games/UE_4.27/FeaturePacks/StarterContent.upack)
[2022.04.01-06.39.15:461][  0]LogPakFile: OnPakFileMounted2Time == 0.000092
[2022.04.01-06.39.15:462][  0]LogPakFile: PakFile PrimaryIndexSize=190
[2022.04.01-06.39.15:462][  0]LogPakFile: PakFile PathHashIndexSize=101
[2022.04.01-06.39.15:462][  0]LogPakFile: PakFile FullDirectoryIndexSize=154
[2022.04.01-06.39.15:462][  0]LogShaderLibrary: Display: ShaderCodeLibraryPakFileMountedCallback: PakFile 'C:/Program Files/Epic Games/UE_4.27/FeaturePacks/TP_2DSideScroller.upack' (chunk index -1, root 'root:/') mounted
[2022.04.01-06.39.15:462][  0]LogShaderLibrary: Display: ShaderCodeLibraryPakFileMountedCallback: pending pak file info (ChunkID:-1 Root:root:/ File:C:/Program Files/Epic Games/UE_4.27/FeaturePacks/TP_2DSideScroller.upack)
[2022.04.01-06.39.15:462][  0]LogPakFile: OnPakFileMounted2Time == 0.000064
[2022.04.01-06.39.15:464][  0]LogPakFile: PakFile PrimaryIndexSize=192
[2022.04.01-06.39.15:465][  0]LogPakFile: PakFile PathHashIndexSize=101
[2022.04.01-06.39.15:465][  0]LogPakFile: PakFile FullDirectoryIndexSize=158
[2022.04.01-06.39.15:465][  0]LogShaderLibrary: Display: ShaderCodeLibraryPakFileMountedCallback: PakFile 'C:/Program Files/Epic Games/UE_4.27/FeaturePacks/TP_2DSideScrollerBP.upack' (chunk index -1, root 'root:/') mounted
[2022.04.01-06.39.15:465][  0]LogShaderLibrary: Display: ShaderCodeLibraryPakFileMountedCallback: pending pak file info (ChunkID:-1 Root:root:/ File:C:/Program Files/Epic Games/UE_4.27/FeaturePacks/TP_2DSideScrollerBP.upack)
[2022.04.01-06.39.15:465][  0]LogPakFile: OnPakFileMounted2Time == 0.000070
[2022.04.01-06.39.15:466][  0]LogPakFile: PakFile PrimaryIndexSize=182
[2022.04.01-06.39.15:467][  0]LogPakFile: PakFile PathHashIndexSize=101
[2022.04.01-06.39.15:467][  0]LogPakFile: PakFile FullDirectoryIndexSize=138
[2022.04.01-06.39.15:467][  0]LogShaderLibrary: Display: ShaderCodeLibraryPakFileMountedCallback: PakFile 'C:/Program Files/Epic Games/UE_4.27/FeaturePacks/TP_Flying.upack' (chunk index -1, root 'root:/') mounted
[2022.04.01-06.39.15:467][  0]LogShaderLibrary: Display: ShaderCodeLibraryPakFileMountedCallback: pending pak file info (ChunkID:-1 Root:root:/ File:C:/Program Files/Epic Games/UE_4.27/FeaturePacks/TP_Flying.upack)
[2022.04.01-06.39.15:467][  0]LogPakFile: OnPakFileMounted2Time == 0.000055
[2022.04.01-06.39.15:468][  0]LogPakFile: PakFile PrimaryIndexSize=184
[2022.04.01-06.39.15:468][  0]LogPakFile: PakFile PathHashIndexSize=101
[2022.04.01-06.39.15:468][  0]LogPakFile: PakFile FullDirectoryIndexSize=142
[2022.04.01-06.39.15:468][  0]LogShaderLibrary: Display: ShaderCodeLibraryPakFileMountedCallback: PakFile 'C:/Program Files/Epic Games/UE_4.27/FeaturePacks/TP_FlyingBP.upack' (chunk index -1, root 'root:/') mounted
[2022.04.01-06.39.15:469][  0]LogShaderLibrary: Display: ShaderCodeLibraryPakFileMountedCallback: pending pak file info (ChunkID:-1 Root:root:/ File:C:/Program Files/Epic Games/UE_4.27/FeaturePacks/TP_FlyingBP.upack)
[2022.04.01-06.39.15:469][  0]LogPakFile: OnPakFileMounted2Time == 0.000100
[2022.04.01-06.39.15:470][  0]LogPakFile: PakFile PrimaryIndexSize=188
[2022.04.01-06.39.15:470][  0]LogPakFile: PakFile PathHashIndexSize=101
[2022.04.01-06.39.15:470][  0]LogPakFile: PakFile FullDirectoryIndexSize=150
[2022.04.01-06.39.15:470][  0]LogShaderLibrary: Display: ShaderCodeLibraryPakFileMountedCallback: PakFile 'C:/Program Files/Epic Games/UE_4.27/FeaturePacks/TP_HandheldARBP.upack' (chunk index -1, root 'root:/') mounted
[2022.04.01-06.39.15:471][  0]LogShaderLibrary: Display: ShaderCodeLibraryPakFileMountedCallback: pending pak file info (ChunkID:-1 Root:root:/ File:C:/Program Files/Epic Games/UE_4.27/FeaturePacks/TP_HandheldARBP.upack)
[2022.04.01-06.39.15:471][  0]LogPakFile: OnPakFileMounted2Time == 0.000083
[2022.04.01-06.39.15:474][  0]LogPakFile: PakFile PrimaryIndexSize=182
[2022.04.01-06.39.15:474][  0]LogPakFile: PakFile PathHashIndexSize=101
[2022.04.01-06.39.15:474][  0]LogPakFile: PakFile FullDirectoryIndexSize=138
[2022.04.01-06.39.15:474][  0]LogShaderLibrary: Display: ShaderCodeLibraryPakFileMountedCallback: PakFile 'C:/Program Files/Epic Games/UE_4.27/FeaturePacks/TP_Puzzle.upack' (chunk index -1, root 'root:/') mounted
[2022.04.01-06.39.15:474][  0]LogShaderLibrary: Display: ShaderCodeLibraryPakFileMountedCallback: pending pak file info (ChunkID:-1 Root:root:/ File:C:/Program Files/Epic Games/UE_4.27/FeaturePacks/TP_Puzzle.upack)
[2022.04.01-06.39.15:474][  0]LogPakFile: OnPakFileMounted2Time == 0.000109
[2022.04.01-06.39.15:476][  0]LogPakFile: PakFile PrimaryIndexSize=184
[2022.04.01-06.39.15:476][  0]LogPakFile: PakFile PathHashIndexSize=101
[2022.04.01-06.39.15:476][  0]LogPakFile: PakFile FullDirectoryIndexSize=142
[2022.04.01-06.39.15:476][  0]LogShaderLibrary: Display: ShaderCodeLibraryPakFileMountedCallback: PakFile 'C:/Program Files/Epic Games/UE_4.27/FeaturePacks/TP_PuzzleBP.upack' (chunk index -1, root 'root:/') mounted
[2022.04.01-06.39.15:476][  0]LogShaderLibrary: Display: ShaderCodeLibraryPakFileMountedCallback: pending pak file info (ChunkID:-1 Root:root:/ File:C:/Program Files/Epic Games/UE_4.27/FeaturePacks/TP_PuzzleBP.upack)
[2022.04.01-06.39.15:476][  0]LogPakFile: OnPakFileMounted2Time == 0.000099
[2022.04.01-06.39.15:478][  0]LogPakFile: PakFile PrimaryIndexSize=183
[2022.04.01-06.39.15:478][  0]LogPakFile: PakFile PathHashIndexSize=101
[2022.04.01-06.39.15:478][  0]LogPakFile: PakFile FullDirectoryIndexSize=140
[2022.04.01-06.39.15:478][  0]LogShaderLibrary: Display: ShaderCodeLibraryPakFileMountedCallback: PakFile 'C:/Program Files/Epic Games/UE_4.27/FeaturePacks/TP_Rolling.upack' (chunk index -1, root 'root:/') mounted
[2022.04.01-06.39.15:478][  0]LogShaderLibrary: Display: ShaderCodeLibraryPakFileMountedCallback: pending pak file info (ChunkID:-1 Root:root:/ File:C:/Program Files/Epic Games/UE_4.27/FeaturePacks/TP_Rolling.upack)
[2022.04.01-06.39.15:478][  0]LogPakFile: OnPakFileMounted2Time == 0.000049
[2022.04.01-06.39.15:480][  0]LogPakFile: PakFile PrimaryIndexSize=185
[2022.04.01-06.39.15:480][  0]LogPakFile: PakFile PathHashIndexSize=101
[2022.04.01-06.39.15:480][  0]LogPakFile: PakFile FullDirectoryIndexSize=144
[2022.04.01-06.39.15:480][  0]LogShaderLibrary: Display: ShaderCodeLibraryPakFileMountedCallback: PakFile 'C:/Program Files/Epic Games/UE_4.27/FeaturePacks/TP_RollingBP.upack' (chunk index -1, root 'root:/') mounted
[2022.04.01-06.39.15:480][  0]LogShaderLibrary: Display: ShaderCodeLibraryPakFileMountedCallback: pending pak file info (ChunkID:-1 Root:root:/ File:C:/Program Files/Epic Games/UE_4.27/FeaturePacks/TP_RollingBP.upack)
[2022.04.01-06.39.15:480][  0]LogPakFile: OnPakFileMounted2Time == 0.000059
[2022.04.01-06.39.15:482][  0]LogPakFile: PakFile PrimaryIndexSize=188
[2022.04.01-06.39.15:482][  0]LogPakFile: PakFile PathHashIndexSize=101
[2022.04.01-06.39.15:482][  0]LogPakFile: PakFile FullDirectoryIndexSize=150
[2022.04.01-06.39.15:482][  0]LogShaderLibrary: Display: ShaderCodeLibraryPakFileMountedCallback: PakFile 'C:/Program Files/Epic Games/UE_4.27/FeaturePacks/TP_SideScroller.upack' (chunk index -1, root 'root:/') mounted
[2022.04.01-06.39.15:482][  0]LogShaderLibrary: Display: ShaderCodeLibraryPakFileMountedCallback: pending pak file info (ChunkID:-1 Root:root:/ File:C:/Program Files/Epic Games/UE_4.27/FeaturePacks/TP_SideScroller.upack)
[2022.04.01-06.39.15:482][  0]LogPakFile: OnPakFileMounted2Time == 0.000065
[2022.04.01-06.39.15:484][  0]LogPakFile: PakFile PrimaryIndexSize=190
[2022.04.01-06.39.15:484][  0]LogPakFile: PakFile PathHashIndexSize=101
[2022.04.01-06.39.15:484][  0]LogPakFile: PakFile FullDirectoryIndexSize=154
[2022.04.01-06.39.15:484][  0]LogShaderLibrary: Display: ShaderCodeLibraryPakFileMountedCallback: PakFile 'C:/Program Files/Epic Games/UE_4.27/FeaturePacks/TP_SideScrollerBP.upack' (chunk index -1, root 'root:/') mounted
[2022.04.01-06.39.15:484][  0]LogShaderLibrary: Display: ShaderCodeLibraryPakFileMountedCallback: pending pak file info (ChunkID:-1 Root:root:/ File:C:/Program Files/Epic Games/UE_4.27/FeaturePacks/TP_SideScrollerBP.upack)
[2022.04.01-06.39.15:484][  0]LogPakFile: OnPakFileMounted2Time == 0.000050
[2022.04.01-06.39.15:486][  0]LogPakFile: PakFile PrimaryIndexSize=187
[2022.04.01-06.39.15:486][  0]LogPakFile: PakFile PathHashIndexSize=101
[2022.04.01-06.39.15:486][  0]LogPakFile: PakFile FullDirectoryIndexSize=148
[2022.04.01-06.39.15:486][  0]LogShaderLibrary: Display: ShaderCodeLibraryPakFileMountedCallback: PakFile 'C:/Program Files/Epic Games/UE_4.27/FeaturePacks/TP_ThirdPerson.upack' (chunk index -1, root 'root:/') mounted
[2022.04.01-06.39.15:486][  0]LogShaderLibrary: Display: ShaderCodeLibraryPakFileMountedCallback: pending pak file info (ChunkID:-1 Root:root:/ File:C:/Program Files/Epic Games/UE_4.27/FeaturePacks/TP_ThirdPerson.upack)
[2022.04.01-06.39.15:486][  0]LogPakFile: OnPakFileMounted2Time == 0.000061
[2022.04.01-06.39.15:488][  0]LogPakFile: PakFile PrimaryIndexSize=189
[2022.04.01-06.39.15:488][  0]LogPakFile: PakFile PathHashIndexSize=101
[2022.04.01-06.39.15:488][  0]LogPakFile: PakFile FullDirectoryIndexSize=152
[2022.04.01-06.39.15:488][  0]LogShaderLibrary: Display: ShaderCodeLibraryPakFileMountedCallback: PakFile 'C:/Program Files/Epic Games/UE_4.27/FeaturePacks/TP_ThirdPersonBP.upack' (chunk index -1, root 'root:/') mounted
[2022.04.01-06.39.15:488][  0]LogShaderLibrary: Display: ShaderCodeLibraryPakFileMountedCallback: pending pak file info (ChunkID:-1 Root:root:/ File:C:/Program Files/Epic Games/UE_4.27/FeaturePacks/TP_ThirdPersonBP.upack)
[2022.04.01-06.39.15:488][  0]LogPakFile: OnPakFileMounted2Time == 0.000048
[2022.04.01-06.39.15:490][  0]LogPakFile: PakFile PrimaryIndexSize=183
[2022.04.01-06.39.15:490][  0]LogPakFile: PakFile PathHashIndexSize=101
[2022.04.01-06.39.15:490][  0]LogPakFile: PakFile FullDirectoryIndexSize=140
[2022.04.01-06.39.15:490][  0]LogShaderLibrary: Display: ShaderCodeLibraryPakFileMountedCallback: PakFile 'C:/Program Files/Epic Games/UE_4.27/FeaturePacks/TP_TopDown.upack' (chunk index -1, root 'root:/') mounted
[2022.04.01-06.39.15:490][  0]LogShaderLibrary: Display: ShaderCodeLibraryPakFileMountedCallback: pending pak file info (ChunkID:-1 Root:root:/ File:C:/Program Files/Epic Games/UE_4.27/FeaturePacks/TP_TopDown.upack)
[2022.04.01-06.39.15:490][  0]LogPakFile: OnPakFileMounted2Time == 0.000065
[2022.04.01-06.39.15:491][  0]LogPakFile: PakFile PrimaryIndexSize=185
[2022.04.01-06.39.15:491][  0]LogPakFile: PakFile PathHashIndexSize=101
[2022.04.01-06.39.15:491][  0]LogPakFile: PakFile FullDirectoryIndexSize=144
[2022.04.01-06.39.15:491][  0]LogShaderLibrary: Display: ShaderCodeLibraryPakFileMountedCallback: PakFile 'C:/Program Files/Epic Games/UE_4.27/FeaturePacks/TP_TopDownBP.upack' (chunk index -1, root 'root:/') mounted
[2022.04.01-06.39.15:491][  0]LogShaderLibrary: Display: ShaderCodeLibraryPakFileMountedCallback: pending pak file info (ChunkID:-1 Root:root:/ File:C:/Program Files/Epic Games/UE_4.27/FeaturePacks/TP_TopDownBP.upack)
[2022.04.01-06.39.15:491][  0]LogPakFile: OnPakFileMounted2Time == 0.000050
[2022.04.01-06.39.15:493][  0]LogPakFile: PakFile PrimaryIndexSize=185
[2022.04.01-06.39.15:493][  0]LogPakFile: PakFile PathHashIndexSize=101
[2022.04.01-06.39.15:493][  0]LogPakFile: PakFile FullDirectoryIndexSize=144
[2022.04.01-06.39.15:493][  0]LogShaderLibrary: Display: ShaderCodeLibraryPakFileMountedCallback: PakFile 'C:/Program Files/Epic Games/UE_4.27/FeaturePacks/TP_TwinStick.upack' (chunk index -1, root 'root:/') mounted
[2022.04.01-06.39.15:493][  0]LogShaderLibrary: Display: ShaderCodeLibraryPakFileMountedCallback: pending pak file info (ChunkID:-1 Root:root:/ File:C:/Program Files/Epic Games/UE_4.27/FeaturePacks/TP_TwinStick.upack)
[2022.04.01-06.39.15:493][  0]LogPakFile: OnPakFileMounted2Time == 0.000051
[2022.04.01-06.39.15:495][  0]LogPakFile: PakFile PrimaryIndexSize=187
[2022.04.01-06.39.15:495][  0]LogPakFile: PakFile PathHashIndexSize=101
[2022.04.01-06.39.15:495][  0]LogPakFile: PakFile FullDirectoryIndexSize=148
[2022.04.01-06.39.15:495][  0]LogShaderLibrary: Display: ShaderCodeLibraryPakFileMountedCallback: PakFile 'C:/Program Files/Epic Games/UE_4.27/FeaturePacks/TP_TwinStickBP.upack' (chunk index -1, root 'root:/') mounted
[2022.04.01-06.39.15:495][  0]LogShaderLibrary: Display: ShaderCodeLibraryPakFileMountedCallback: pending pak file info (ChunkID:-1 Root:root:/ File:C:/Program Files/Epic Games/UE_4.27/FeaturePacks/TP_TwinStickBP.upack)
[2022.04.01-06.39.15:495][  0]LogPakFile: OnPakFileMounted2Time == 0.000054
[2022.04.01-06.39.15:497][  0]LogPakFile: PakFile PrimaryIndexSize=183
[2022.04.01-06.39.15:497][  0]LogPakFile: PakFile PathHashIndexSize=101
[2022.04.01-06.39.15:497][  0]LogPakFile: PakFile FullDirectoryIndexSize=140
[2022.04.01-06.39.15:497][  0]LogShaderLibrary: Display: ShaderCodeLibraryPakFileMountedCallback: PakFile 'C:/Program Files/Epic Games/UE_4.27/FeaturePacks/TP_Vehicle.upack' (chunk index -1, root 'root:/') mounted
[2022.04.01-06.39.15:497][  0]LogShaderLibrary: Display: ShaderCodeLibraryPakFileMountedCallback: pending pak file info (ChunkID:-1 Root:root:/ File:C:/Program Files/Epic Games/UE_4.27/FeaturePacks/TP_Vehicle.upack)
[2022.04.01-06.39.15:497][  0]LogPakFile: OnPakFileMounted2Time == 0.000050
[2022.04.01-06.39.15:498][  0]LogPakFile: PakFile PrimaryIndexSize=186
[2022.04.01-06.39.15:498][  0]LogPakFile: PakFile PathHashIndexSize=101
[2022.04.01-06.39.15:498][  0]LogPakFile: PakFile FullDirectoryIndexSize=146
[2022.04.01-06.39.15:498][  0]LogShaderLibrary: Display: ShaderCodeLibraryPakFileMountedCallback: PakFile 'C:/Program Files/Epic Games/UE_4.27/FeaturePacks/TP_VehicleAdv.upack' (chunk index -1, root 'root:/') mounted
[2022.04.01-06.39.15:499][  0]LogShaderLibrary: Display: ShaderCodeLibraryPakFileMountedCallback: pending pak file info (ChunkID:-1 Root:root:/ File:C:/Program Files/Epic Games/UE_4.27/FeaturePacks/TP_VehicleAdv.upack)
[2022.04.01-06.39.15:499][  0]LogPakFile: OnPakFileMounted2Time == 0.000074
[2022.04.01-06.39.15:500][  0]LogPakFile: PakFile PrimaryIndexSize=188
[2022.04.01-06.39.15:500][  0]LogPakFile: PakFile PathHashIndexSize=101
[2022.04.01-06.39.15:500][  0]LogPakFile: PakFile FullDirectoryIndexSize=150
[2022.04.01-06.39.15:500][  0]LogShaderLibrary: Display: ShaderCodeLibraryPakFileMountedCallback: PakFile 'C:/Program Files/Epic Games/UE_4.27/FeaturePacks/TP_VehicleAdvBP.upack' (chunk index -1, root 'root:/') mounted
[2022.04.01-06.39.15:500][  0]LogShaderLibrary: Display: ShaderCodeLibraryPakFileMountedCallback: pending pak file info (ChunkID:-1 Root:root:/ File:C:/Program Files/Epic Games/UE_4.27/FeaturePacks/TP_VehicleAdvBP.upack)
[2022.04.01-06.39.15:500][  0]LogPakFile: OnPakFileMounted2Time == 0.000054
[2022.04.01-06.39.15:502][  0]LogPakFile: PakFile PrimaryIndexSize=185
[2022.04.01-06.39.15:502][  0]LogPakFile: PakFile PathHashIndexSize=101
[2022.04.01-06.39.15:502][  0]LogPakFile: PakFile FullDirectoryIndexSize=144
[2022.04.01-06.39.15:502][  0]LogShaderLibrary: Display: ShaderCodeLibraryPakFileMountedCallback: PakFile 'C:/Program Files/Epic Games/UE_4.27/FeaturePacks/TP_VehicleBP.upack' (chunk index -1, root 'root:/') mounted
[2022.04.01-06.39.15:502][  0]LogShaderLibrary: Display: ShaderCodeLibraryPakFileMountedCallback: pending pak file info (ChunkID:-1 Root:root:/ File:C:/Program Files/Epic Games/UE_4.27/FeaturePacks/TP_VehicleBP.upack)
[2022.04.01-06.39.15:502][  0]LogPakFile: OnPakFileMounted2Time == 0.000090
[2022.04.01-06.39.15:505][  0]LogPakFile: PakFile PrimaryIndexSize=192
[2022.04.01-06.39.15:505][  0]LogPakFile: PakFile PathHashIndexSize=101
[2022.04.01-06.39.15:505][  0]LogPakFile: PakFile FullDirectoryIndexSize=158
[2022.04.01-06.39.15:505][  0]LogShaderLibrary: Display: ShaderCodeLibraryPakFileMountedCallback: PakFile 'C:/Program Files/Epic Games/UE_4.27/FeaturePacks/TP_VirtualRealityBP.upack' (chunk index -1, root 'root:/') mounted
[2022.04.01-06.39.15:505][  0]LogShaderLibrary: Display: ShaderCodeLibraryPakFileMountedCallback: pending pak file info (ChunkID:-1 Root:root:/ File:C:/Program Files/Epic Games/UE_4.27/FeaturePacks/TP_VirtualRealityBP.upack)
[2022.04.01-06.39.15:505][  0]LogPakFile: OnPakFileMounted2Time == 0.000073
[2022.04.01-06.39.15:682][  0]LogNativeClassHierarchy: Verbose: Native class hierarchy updated for 'AddContentDialog' in 0.0003 seconds. Added 0 classes and 0 folders.
[2022.04.01-06.39.15:684][  0]LogNativeClassHierarchy: Verbose: Native class hierarchy updated for 'SceneOutliner' in 0.0003 seconds. Added 2 classes and 0 folders.
[2022.04.01-06.39.15:895][  0]LogSlate: Took 0.001265 seconds to synchronously load lazily loaded font '../../../Engine/Content/Slate/Fonts/Roboto-Regular.ttf' (155K)
[2022.04.01-06.39.15:898][  0]LogSlate: Took 0.000618 seconds to synchronously load lazily loaded font '../../../Engine/Content/Editor/Slate/Fonts/FontAwesome.ttf' (139K)
[2022.04.01-06.39.15:901][  0]LogSlate: Took 0.001544 seconds to synchronously load lazily loaded font '../../../Engine/Content/Slate/Fonts/Roboto-Bold.ttf' (160K)
[2022.04.01-06.39.16:024][  0]LogRenderer: Reallocating scene render targets to support 924x476 Format 10 NumSamples 1 (Frame:1).
[2022.04.01-06.39.16:139][  0]LogNativeClassHierarchy: Verbose: Native class hierarchy updated for 'HierarchicalLODOutliner' in 0.0003 seconds. Added 0 classes and 0 folders.
[2022.04.01-06.39.16:139][  0]LogInput: Warning: Action Jump uses invalid key OculusGo_Left_Trigger_Click.
[2022.04.01-06.39.16:139][  0]LogInput: Warning: Action ResetVR uses invalid key OculusGo_Left_Trackpad_Click.
[2022.04.01-06.39.16:139][  0]LogInput: Warning: Use -RemoveInvalidKeys to remove instances of these keys from the action mapping.
[2022.04.01-06.39.16:139][  0]LogLoad: (Engine Initialization) Total time: 15.76 seconds
[2022.04.01-06.39.16:139][  0]LogLoad: (Engine Initialization) Total Blueprint compile time: 0.00 seconds
[2022.04.01-06.39.16:208][  0]LogAssetRegistry: Asset discovery search completed in 8.5701 seconds
[2022.04.01-06.39.16:219][  0]LogCollectionManager: Fixed up redirectors for 0 collections in 0.000005 seconds (updated 0 objects)
[2022.04.01-06.39.16:222][  0]LogContentStreaming: Texture pool size now 1000 MB
[2022.04.01-06.39.16:842][  2]LogSlate: Took 0.000540 seconds to synchronously load lazily loaded font '../../../Engine/Content/Slate/Fonts/Roboto-Light.ttf' (167K)
